This file contains any messages produced by compilers while
running configure, to aid debugging if configure makes a mistake.

It was created by mod_tile configure 0.1, which was
generated by GNU Autoconf 2.69.  Invocation command line was

  $ ./configure --no-create --no-recursion

## --------- ##
## Platform. ##
## --------- ##

hostname = ddevienne
uname -m = x86_64
uname -r = 3.16.0-30-generic
uname -s = Linux
uname -v = #40~14.04.1-Ubuntu SMP Thu Jan 15 17:43:14 UTC 2015

/usr/bin/uname -p = unknown
/bin/uname -X     = unknown

/bin/arch              = unknown
/usr/bin/arch -k       = unknown
/usr/convex/getsysinfo = unknown
/usr/bin/hostinfo      = unknown
/bin/machine           = unknown
/usr/bin/oslevel       = unknown
/bin/universe          = unknown

PATH: /usr/local/sbin
PATH: /usr/local/bin
PATH: /usr/sbin
PATH: /usr/bin
PATH: /sbin
PATH: /bin
PATH: /usr/games
PATH: /usr/local/games


## ----------- ##
## Core tests. ##
## ----------- ##

configure:2530: checking for a BSD-compatible install
configure:2598: result: /usr/bin/install -c
configure:2609: checking whether build environment is sane
configure:2664: result: yes
configure:2815: checking for a thread-safe mkdir -p
configure:2854: result: /bin/mkdir -p
configure:2861: checking for gawk
configure:2877: found /usr/bin/gawk
configure:2888: result: gawk
configure:2899: checking whether make sets $(MAKE)
configure:2921: result: yes
configure:2950: checking whether make supports nested variables
configure:2967: result: yes
configure:3121: checking build system type
configure:3135: result: x86_64-unknown-linux-gnu
configure:3155: checking host system type
configure:3168: result: x86_64-unknown-linux-gnu
configure:3209: checking how to print strings
configure:3236: result: printf
configure:3269: checking for style of include used by make
configure:3297: result: GNU
configure:3368: checking for gcc
configure:3384: found /usr/bin/gcc
configure:3395: result: gcc
configure:3624: checking for C compiler version
configure:3633: gcc --version >&5
gcc (Ubuntu 4.8.4-2ubuntu1~14.04) 4.8.4
Copyright (C) 2013 Free Software Foundation, Inc.
This is free software; see the source for copying conditions.  There is NO
warranty; not even for MERCHANTABILITY or FITNESS FOR A PARTICULAR PURPOSE.

configure:3644: $? = 0
configure:3633: gcc -v >&5
Using built-in specs.
COLLECT_GCC=gcc
COLLECT_LTO_WRAPPER=/usr/lib/gcc/x86_64-linux-gnu/4.8/lto-wrapper
Target: x86_64-linux-gnu
Configured with: ../src/configure -v --with-pkgversion='Ubuntu 4.8.4-2ubuntu1~14.04' --with-bugurl=file:///usr/share/doc/gcc-4.8/README.Bugs --enable-languages=c,c++,java,go,d,fortran,objc,obj-c++ --prefix=/usr --program-suffix=-4.8 --enable-shared --enable-linker-build-id --libexecdir=/usr/lib --without-included-gettext --enable-threads=posix --with-gxx-include-dir=/usr/include/c++/4.8 --libdir=/usr/lib --enable-nls --with-sysroot=/ --enable-clocale=gnu --enable-libstdcxx-debug --enable-libstdcxx-time=yes --enable-gnu-unique-object --disable-libmudflap --enable-plugin --with-system-zlib --disable-browser-plugin --enable-java-awt=gtk --enable-gtk-cairo --with-java-home=/usr/lib/jvm/java-1.5.0-gcj-4.8-amd64/jre --enable-java-home --with-jvm-root-dir=/usr/lib/jvm/java-1.5.0-gcj-4.8-amd64 --with-jvm-jar-dir=/usr/lib/jvm-exports/java-1.5.0-gcj-4.8-amd64 --with-arch-directory=amd64 --with-ecj-jar=/usr/share/java/eclipse-ecj.jar --enable-objc-gc --enable-multiarch --disable-werror --with-arch-32=i686 --with-abi=m64 --with-multilib-list=m32,m64,mx32 --with-tune=generic --enable-checking=release --build=x86_64-linux-gnu --host=x86_64-linux-gnu --target=x86_64-linux-gnu
Thread model: posix
gcc version 4.8.4 (Ubuntu 4.8.4-2ubuntu1~14.04) 
configure:3644: $? = 0
configure:3633: gcc -V >&5
gcc: error: unrecognized command line option '-V'
gcc: fatal error: no input files
compilation terminated.
configure:3644: $? = 4
configure:3633: gcc -qversion >&5
gcc: error: unrecognized command line option '-qversion'
gcc: fatal error: no input files
compilation terminated.
configure:3644: $? = 4
configure:3664: checking whether the C compiler works
configure:3686: gcc    conftest.c  >&5
configure:3690: $? = 0
configure:3738: result: yes
configure:3741: checking for C compiler default output file name
configure:3743: result: a.out
configure:3749: checking for suffix of executables
configure:3756: gcc -o conftest    conftest.c  >&5
configure:3760: $? = 0
configure:3782: result: 
configure:3804: checking whether we are cross compiling
configure:3812: gcc -o conftest    conftest.c  >&5
configure:3816: $? = 0
configure:3823: ./conftest
configure:3827: $? = 0
configure:3842: result: no
configure:3847: checking for suffix of object files
configure:3869: gcc -c   conftest.c >&5
configure:3873: $? = 0
configure:3894: result: o
configure:3898: checking whether we are using the GNU C compiler
configure:3917: gcc -c   conftest.c >&5
configure:3917: $? = 0
configure:3926: result: yes
configure:3935: checking whether gcc accepts -g
configure:3955: gcc -c -g  conftest.c >&5
configure:3955: $? = 0
configure:3996: result: yes
configure:4013: checking for gcc option to accept ISO C89
configure:4076: gcc  -c -g -O2  conftest.c >&5
configure:4076: $? = 0
configure:4089: result: none needed
configure:4114: checking whether gcc understands -c and -o together
configure:4136: gcc -c conftest.c -o conftest2.o
configure:4139: $? = 0
configure:4136: gcc -c conftest.c -o conftest2.o
configure:4139: $? = 0
configure:4151: result: yes
configure:4170: checking dependency style of gcc
configure:4281: result: gcc3
configure:4296: checking for a sed that does not truncate output
configure:4360: result: /bin/sed
configure:4378: checking for grep that handles long lines and -e
configure:4436: result: /bin/grep
configure:4441: checking for egrep
configure:4503: result: /bin/grep -E
configure:4508: checking for fgrep
configure:4570: result: /bin/grep -F
configure:4605: checking for ld used by gcc
configure:4672: result: /usr/bin/ld
configure:4679: checking if the linker (/usr/bin/ld) is GNU ld
configure:4694: result: yes
configure:4706: checking for BSD- or MS-compatible name lister (nm)
configure:4755: result: /usr/bin/nm -B
configure:4885: checking the name lister (/usr/bin/nm -B) interface
configure:4892: gcc -c -g -O2  conftest.c >&5
configure:4895: /usr/bin/nm -B "conftest.o"
configure:4898: output
0000000000000000 B some_variable
configure:4905: result: BSD nm
configure:4908: checking whether ln -s works
configure:4912: result: yes
configure:4920: checking the maximum length of command line arguments
configure:5051: result: 3458764513820540925
configure:5068: checking whether the shell understands some XSI constructs
configure:5078: result: yes
configure:5082: checking whether the shell understands "+="
configure:5088: result: yes
configure:5123: checking how to convert x86_64-unknown-linux-gnu file names to x86_64-unknown-linux-gnu format
configure:5163: result: func_convert_file_noop
configure:5170: checking how to convert x86_64-unknown-linux-gnu file names to toolchain format
configure:5190: result: func_convert_file_noop
configure:5197: checking for /usr/bin/ld option to reload object files
configure:5204: result: -r
configure:5278: checking for objdump
configure:5294: found /usr/bin/objdump
configure:5305: result: objdump
configure:5337: checking how to recognize dependent libraries
configure:5535: result: pass_all
configure:5620: checking for dlltool
configure:5650: result: no
configure:5680: checking how to associate runtime and link libraries
configure:5707: result: printf %s\n
configure:5768: checking for ar
configure:5784: found /usr/bin/ar
configure:5795: result: ar
configure:5832: checking for archiver @FILE support
configure:5849: gcc -c -g -O2  conftest.c >&5
configure:5849: $? = 0
configure:5852: ar cru libconftest.a @conftest.lst >&5
configure:5855: $? = 0
configure:5860: ar cru libconftest.a @conftest.lst >&5
ar: conftest.o: No such file or directory
configure:5863: $? = 1
configure:5875: result: @
configure:5933: checking for strip
configure:5949: found /usr/bin/strip
configure:5960: result: strip
configure:6032: checking for ranlib
configure:6048: found /usr/bin/ranlib
configure:6059: result: ranlib
configure:6161: checking command to parse /usr/bin/nm -B output from gcc object
configure:6281: gcc -c -g -O2  conftest.c >&5
configure:6284: $? = 0
configure:6288: /usr/bin/nm -B conftest.o \| sed -n -e 's/^.*[ ]\([ABCDGIRSTW][ABCDGIRSTW]*\)[ ][ ]*\([_A-Za-z][_A-Za-z0-9]*\)$/\1 \2 \2/p' | sed '/ __gnu_lto/d' \> conftest.nm
configure:6291: $? = 0
configure:6357: gcc -o conftest -g -O2   conftest.c conftstm.o >&5
configure:6360: $? = 0
configure:6398: result: ok
configure:6435: checking for sysroot
configure:6465: result: no
configure:6542: gcc -c -g -O2  conftest.c >&5
configure:6545: $? = 0
configure:6734: checking for mt
configure:6750: found /bin/mt
configure:6761: result: mt
configure:6784: checking if mt is a manifest tool
configure:6790: mt '-?'
configure:6798: result: no
configure:7440: checking how to run the C preprocessor
configure:7471: gcc -E  conftest.c
configure:7471: $? = 0
configure:7485: gcc -E  conftest.c
conftest.c:11:28: fatal error: ac_nonexistent.h: No such file or directory
 #include <ac_nonexistent.h>
                            ^
compilation terminated.
configure:7485: $? = 1
configure: failed program was:
| /* confdefs.h */
| #define PACKAGE_NAME "mod_tile"
| #define PACKAGE_TARNAME "mod_tile"
| #define PACKAGE_VERSION "0.1"
| #define PACKAGE_STRING "mod_tile 0.1"
| #define PACKAGE_BUGREPORT "http://trac.openstreetmap.org"
| #define PACKAGE_URL ""
| #define PACKAGE "mod_tile"
| #define VERSION "0.1"
| /* end confdefs.h.  */
| #include <ac_nonexistent.h>
configure:7510: result: gcc -E
configure:7530: gcc -E  conftest.c
configure:7530: $? = 0
configure:7544: gcc -E  conftest.c
conftest.c:11:28: fatal error: ac_nonexistent.h: No such file or directory
 #include <ac_nonexistent.h>
                            ^
compilation terminated.
configure:7544: $? = 1
configure: failed program was:
| /* confdefs.h */
| #define PACKAGE_NAME "mod_tile"
| #define PACKAGE_TARNAME "mod_tile"
| #define PACKAGE_VERSION "0.1"
| #define PACKAGE_STRING "mod_tile 0.1"
| #define PACKAGE_BUGREPORT "http://trac.openstreetmap.org"
| #define PACKAGE_URL ""
| #define PACKAGE "mod_tile"
| #define VERSION "0.1"
| /* end confdefs.h.  */
| #include <ac_nonexistent.h>
configure:7573: checking for ANSI C header files
configure:7593: gcc -c -g -O2  conftest.c >&5
configure:7593: $? = 0
configure:7666: gcc -o conftest -g -O2   conftest.c  >&5
configure:7666: $? = 0
configure:7666: ./conftest
configure:7666: $? = 0
configure:7677: result: yes
configure:7690: checking for sys/types.h
configure:7690: gcc -c -g -O2  conftest.c >&5
configure:7690: $? = 0
configure:7690: result: yes
configure:7690: checking for sys/stat.h
configure:7690: gcc -c -g -O2  conftest.c >&5
configure:7690: $? = 0
configure:7690: result: yes
configure:7690: checking for stdlib.h
configure:7690: gcc -c -g -O2  conftest.c >&5
configure:7690: $? = 0
configure:7690: result: yes
configure:7690: checking for string.h
configure:7690: gcc -c -g -O2  conftest.c >&5
configure:7690: $? = 0
configure:7690: result: yes
configure:7690: checking for memory.h
configure:7690: gcc -c -g -O2  conftest.c >&5
configure:7690: $? = 0
configure:7690: result: yes
configure:7690: checking for strings.h
configure:7690: gcc -c -g -O2  conftest.c >&5
configure:7690: $? = 0
configure:7690: result: yes
configure:7690: checking for inttypes.h
configure:7690: gcc -c -g -O2  conftest.c >&5
configure:7690: $? = 0
configure:7690: result: yes
configure:7690: checking for stdint.h
configure:7690: gcc -c -g -O2  conftest.c >&5
configure:7690: $? = 0
configure:7690: result: yes
configure:7690: checking for unistd.h
configure:7690: gcc -c -g -O2  conftest.c >&5
configure:7690: $? = 0
configure:7690: result: yes
configure:7704: checking for dlfcn.h
configure:7704: gcc -c -g -O2  conftest.c >&5
configure:7704: $? = 0
configure:7704: result: yes
configure:7910: checking for objdir
configure:7925: result: .libs
configure:8196: checking if gcc supports -fno-rtti -fno-exceptions
configure:8214: gcc -c -g -O2  -fno-rtti -fno-exceptions conftest.c >&5
cc1: warning: command line option '-fno-rtti' is valid for C++/ObjC++ but not for C [enabled by default]
configure:8218: $? = 0
configure:8231: result: no
configure:8558: checking for gcc option to produce PIC
configure:8565: result: -fPIC -DPIC
configure:8573: checking if gcc PIC flag -fPIC -DPIC works
configure:8591: gcc -c -g -O2  -fPIC -DPIC -DPIC conftest.c >&5
configure:8595: $? = 0
configure:8608: result: yes
configure:8637: checking if gcc static flag -static works
configure:8665: result: yes
configure:8680: checking if gcc supports -c -o file.o
configure:8701: gcc -c -g -O2  -o out/conftest2.o conftest.c >&5
configure:8705: $? = 0
configure:8727: result: yes
configure:8735: checking if gcc supports -c -o file.o
configure:8782: result: yes
configure:8815: checking whether the gcc linker (/usr/bin/ld -m elf_x86_64) supports shared libraries
configure:9972: result: yes
configure:10009: checking whether -lc should be explicitly linked in
configure:10017: gcc -c -g -O2  conftest.c >&5
configure:10020: $? = 0
configure:10035: gcc -shared  -fPIC -DPIC conftest.o  -v -Wl,-soname -Wl,conftest -o conftest 2\>\&1 \| /bin/grep  -lc  \>/dev/null 2\>\&1
configure:10038: $? = 0
configure:10052: result: no
configure:10212: checking dynamic linker characteristics
configure:10712: gcc -o conftest -g -O2   -Wl,-rpath -Wl,/foo conftest.c  >&5
configure:10712: $? = 0
configure:10946: result: GNU/Linux ld.so
configure:11053: checking how to hardcode library paths into programs
configure:11078: result: immediate
configure:11618: checking whether stripping libraries is possible
configure:11623: result: yes
configure:11658: checking if libtool supports shared libraries
configure:11660: result: yes
configure:11663: checking whether to build shared libraries
configure:11684: result: yes
configure:11687: checking whether to build static libraries
configure:11691: result: yes
configure:11792: checking for g++
configure:11808: found /usr/bin/g++
configure:11819: result: g++
configure:11846: checking for C++ compiler version
configure:11855: g++ --version >&5
g++ (Ubuntu 4.8.4-2ubuntu1~14.04) 4.8.4
Copyright (C) 2013 Free Software Foundation, Inc.
This is free software; see the source for copying conditions.  There is NO
warranty; not even for MERCHANTABILITY or FITNESS FOR A PARTICULAR PURPOSE.

configure:11866: $? = 0
configure:11855: g++ -v >&5
Using built-in specs.
COLLECT_GCC=g++
COLLECT_LTO_WRAPPER=/usr/lib/gcc/x86_64-linux-gnu/4.8/lto-wrapper
Target: x86_64-linux-gnu
Configured with: ../src/configure -v --with-pkgversion='Ubuntu 4.8.4-2ubuntu1~14.04' --with-bugurl=file:///usr/share/doc/gcc-4.8/README.Bugs --enable-languages=c,c++,java,go,d,fortran,objc,obj-c++ --prefix=/usr --program-suffix=-4.8 --enable-shared --enable-linker-build-id --libexecdir=/usr/lib --without-included-gettext --enable-threads=posix --with-gxx-include-dir=/usr/include/c++/4.8 --libdir=/usr/lib --enable-nls --with-sysroot=/ --enable-clocale=gnu --enable-libstdcxx-debug --enable-libstdcxx-time=yes --enable-gnu-unique-object --disable-libmudflap --enable-plugin --with-system-zlib --disable-browser-plugin --enable-java-awt=gtk --enable-gtk-cairo --with-java-home=/usr/lib/jvm/java-1.5.0-gcj-4.8-amd64/jre --enable-java-home --with-jvm-root-dir=/usr/lib/jvm/java-1.5.0-gcj-4.8-amd64 --with-jvm-jar-dir=/usr/lib/jvm-exports/java-1.5.0-gcj-4.8-amd64 --with-arch-directory=amd64 --with-ecj-jar=/usr/share/java/eclipse-ecj.jar --enable-objc-gc --enable-multiarch --disable-werror --with-arch-32=i686 --with-abi=m64 --with-multilib-list=m32,m64,mx32 --with-tune=generic --enable-checking=release --build=x86_64-linux-gnu --host=x86_64-linux-gnu --target=x86_64-linux-gnu
Thread model: posix
gcc version 4.8.4 (Ubuntu 4.8.4-2ubuntu1~14.04) 
configure:11866: $? = 0
configure:11855: g++ -V >&5
g++: error: unrecognized command line option '-V'
g++: fatal error: no input files
compilation terminated.
configure:11866: $? = 4
configure:11855: g++ -qversion >&5
g++: error: unrecognized command line option '-qversion'
g++: fatal error: no input files
compilation terminated.
configure:11866: $? = 4
configure:11870: checking whether we are using the GNU C++ compiler
configure:11889: g++ -c   conftest.cpp >&5
configure:11889: $? = 0
configure:11898: result: yes
configure:11907: checking whether g++ accepts -g
configure:11927: g++ -c -g  conftest.cpp >&5
configure:11927: $? = 0
configure:11968: result: yes
configure:11993: checking dependency style of g++
configure:12104: result: gcc3
configure:12137: checking how to run the C++ preprocessor
configure:12164: g++ -E  conftest.cpp
configure:12164: $? = 0
configure:12178: g++ -E  conftest.cpp
conftest.cpp:23:28: fatal error: ac_nonexistent.h: No such file or directory
 #include <ac_nonexistent.h>
                            ^
compilation terminated.
configure:12178: $? = 1
configure: failed program was:
| /* confdefs.h */
| #define PACKAGE_NAME "mod_tile"
| #define PACKAGE_TARNAME "mod_tile"
| #define PACKAGE_VERSION "0.1"
| #define PACKAGE_STRING "mod_tile 0.1"
| #define PACKAGE_BUGREPORT "http://trac.openstreetmap.org"
| #define PACKAGE_URL ""
| #define PACKAGE "mod_tile"
| #define VERSION "0.1"
| #define STDC_HEADERS 1
| #define HAVE_SYS_TYPES_H 1
| #define HAVE_SYS_STAT_H 1
| #define HAVE_STDLIB_H 1
| #define HAVE_STRING_H 1
| #define HAVE_MEMORY_H 1
| #define HAVE_STRINGS_H 1
| #define HAVE_INTTYPES_H 1
| #define HAVE_STDINT_H 1
| #define HAVE_UNISTD_H 1
| #define HAVE_DLFCN_H 1
| #define LT_OBJDIR ".libs/"
| /* end confdefs.h.  */
| #include <ac_nonexistent.h>
configure:12203: result: g++ -E
configure:12223: g++ -E  conftest.cpp
configure:12223: $? = 0
configure:12237: g++ -E  conftest.cpp
conftest.cpp:23:28: fatal error: ac_nonexistent.h: No such file or directory
 #include <ac_nonexistent.h>
                            ^
compilation terminated.
configure:12237: $? = 1
configure: failed program was:
| /* confdefs.h */
| #define PACKAGE_NAME "mod_tile"
| #define PACKAGE_TARNAME "mod_tile"
| #define PACKAGE_VERSION "0.1"
| #define PACKAGE_STRING "mod_tile 0.1"
| #define PACKAGE_BUGREPORT "http://trac.openstreetmap.org"
| #define PACKAGE_URL ""
| #define PACKAGE "mod_tile"
| #define VERSION "0.1"
| #define STDC_HEADERS 1
| #define HAVE_SYS_TYPES_H 1
| #define HAVE_SYS_STAT_H 1
| #define HAVE_STDLIB_H 1
| #define HAVE_STRING_H 1
| #define HAVE_MEMORY_H 1
| #define HAVE_STRINGS_H 1
| #define HAVE_INTTYPES_H 1
| #define HAVE_STDINT_H 1
| #define HAVE_UNISTD_H 1
| #define HAVE_DLFCN_H 1
| #define LT_OBJDIR ".libs/"
| /* end confdefs.h.  */
| #include <ac_nonexistent.h>
configure:12406: checking for ld used by g++
configure:12473: result: /usr/bin/ld -m elf_x86_64
configure:12480: checking if the linker (/usr/bin/ld -m elf_x86_64) is GNU ld
configure:12495: result: yes
configure:12550: checking whether the g++ linker (/usr/bin/ld -m elf_x86_64) supports shared libraries
configure:13552: result: yes
configure:13588: g++ -c -g -O2  conftest.cpp >&5
configure:13591: $? = 0
configure:14111: checking for g++ option to produce PIC
configure:14118: result: -fPIC -DPIC
configure:14126: checking if g++ PIC flag -fPIC -DPIC works
configure:14144: g++ -c -g -O2  -fPIC -DPIC -DPIC conftest.cpp >&5
configure:14148: $? = 0
configure:14161: result: yes
configure:14184: checking if g++ static flag -static works
configure:14212: result: yes
configure:14224: checking if g++ supports -c -o file.o
configure:14245: g++ -c -g -O2  -o out/conftest2.o conftest.cpp >&5
configure:14249: $? = 0
configure:14271: result: yes
configure:14276: checking if g++ supports -c -o file.o
configure:14323: result: yes
configure:14353: checking whether the g++ linker (/usr/bin/ld -m elf_x86_64) supports shared libraries
configure:14392: result: yes
configure:14533: checking dynamic linker characteristics
configure:15201: result: GNU/Linux ld.so
configure:15254: checking how to hardcode library paths into programs
configure:15279: result: immediate
configure:15367: checking for gcc
configure:15394: result: gcc
configure:15623: checking for C compiler version
configure:15632: gcc --version >&5
gcc (Ubuntu 4.8.4-2ubuntu1~14.04) 4.8.4
Copyright (C) 2013 Free Software Foundation, Inc.
This is free software; see the source for copying conditions.  There is NO
warranty; not even for MERCHANTABILITY or FITNESS FOR A PARTICULAR PURPOSE.

configure:15643: $? = 0
configure:15632: gcc -v >&5
Using built-in specs.
COLLECT_GCC=gcc
COLLECT_LTO_WRAPPER=/usr/lib/gcc/x86_64-linux-gnu/4.8/lto-wrapper
Target: x86_64-linux-gnu
Configured with: ../src/configure -v --with-pkgversion='Ubuntu 4.8.4-2ubuntu1~14.04' --with-bugurl=file:///usr/share/doc/gcc-4.8/README.Bugs --enable-languages=c,c++,java,go,d,fortran,objc,obj-c++ --prefix=/usr --program-suffix=-4.8 --enable-shared --enable-linker-build-id --libexecdir=/usr/lib --without-included-gettext --enable-threads=posix --with-gxx-include-dir=/usr/include/c++/4.8 --libdir=/usr/lib --enable-nls --with-sysroot=/ --enable-clocale=gnu --enable-libstdcxx-debug --enable-libstdcxx-time=yes --enable-gnu-unique-object --disable-libmudflap --enable-plugin --with-system-zlib --disable-browser-plugin --enable-java-awt=gtk --enable-gtk-cairo --with-java-home=/usr/lib/jvm/java-1.5.0-gcj-4.8-amd64/jre --enable-java-home --with-jvm-root-dir=/usr/lib/jvm/java-1.5.0-gcj-4.8-amd64 --with-jvm-jar-dir=/usr/lib/jvm-exports/java-1.5.0-gcj-4.8-amd64 --with-arch-directory=amd64 --with-ecj-jar=/usr/share/java/eclipse-ecj.jar --enable-objc-gc --enable-multiarch --disable-werror --with-arch-32=i686 --with-abi=m64 --with-multilib-list=m32,m64,mx32 --with-tune=generic --enable-checking=release --build=x86_64-linux-gnu --host=x86_64-linux-gnu --target=x86_64-linux-gnu
Thread model: posix
gcc version 4.8.4 (Ubuntu 4.8.4-2ubuntu1~14.04) 
configure:15643: $? = 0
configure:15632: gcc -V >&5
gcc: error: unrecognized command line option '-V'
gcc: fatal error: no input files
compilation terminated.
configure:15643: $? = 4
configure:15632: gcc -qversion >&5
gcc: error: unrecognized command line option '-qversion'
gcc: fatal error: no input files
compilation terminated.
configure:15643: $? = 4
configure:15647: checking whether we are using the GNU C compiler
configure:15675: result: yes
configure:15684: checking whether gcc accepts -g
configure:15745: result: yes
configure:15762: checking for gcc option to accept ISO C89
configure:15838: result: none needed
configure:15863: checking whether gcc understands -c and -o together
configure:15900: result: yes
configure:15919: checking dependency style of gcc
configure:16030: result: gcc3
configure:16045: checking for gcc option to accept ISO C99
configure:16194: gcc  -c -g -O2  conftest.c >&5
conftest.c:73:29: error: expected ';', ',' or ')' before 'text'
 test_restrict (ccp restrict text)
                             ^
conftest.c: In function 'main':
conftest.c:127:18: error: expected '=', ',', ';', 'asm' or '__attribute__' before 'newvar'
   char *restrict newvar = "Another string";
                  ^
conftest.c:127:18: error: 'newvar' undeclared (first use in this function)
conftest.c:127:18: note: each undeclared identifier is reported only once for each function it appears in
conftest.c:137:3: error: 'for' loop initial declarations are only allowed in C99 mode
   for (int i = 0; i < ia->datasize; ++i)
   ^
conftest.c:137:3: note: use option -std=c99 or -std=gnu99 to compile your code
configure:16194: $? = 1
configure: failed program was:
| /* confdefs.h */
| #define PACKAGE_NAME "mod_tile"
| #define PACKAGE_TARNAME "mod_tile"
| #define PACKAGE_VERSION "0.1"
| #define PACKAGE_STRING "mod_tile 0.1"
| #define PACKAGE_BUGREPORT "http://trac.openstreetmap.org"
| #define PACKAGE_URL ""
| #define PACKAGE "mod_tile"
| #define VERSION "0.1"
| #define STDC_HEADERS 1
| #define HAVE_SYS_TYPES_H 1
| #define HAVE_SYS_STAT_H 1
| #define HAVE_STDLIB_H 1
| #define HAVE_STRING_H 1
| #define HAVE_MEMORY_H 1
| #define HAVE_STRINGS_H 1
| #define HAVE_INTTYPES_H 1
| #define HAVE_STDINT_H 1
| #define HAVE_UNISTD_H 1
| #define HAVE_DLFCN_H 1
| #define LT_OBJDIR ".libs/"
| /* end confdefs.h.  */
| #include <stdarg.h>
| #include <stdbool.h>
| #include <stdlib.h>
| #include <wchar.h>
| #include <stdio.h>
| 
| // Check varargs macros.  These examples are taken from C99 6.10.3.5.
| #define debug(...) fprintf (stderr, __VA_ARGS__)
| #define showlist(...) puts (#__VA_ARGS__)
| #define report(test,...) ((test) ? puts (#test) : printf (__VA_ARGS__))
| static void
| test_varargs_macros (void)
| {
|   int x = 1234;
|   int y = 5678;
|   debug ("Flag");
|   debug ("X = %d\n", x);
|   showlist (The first, second, and third items.);
|   report (x>y, "x is %d but y is %d", x, y);
| }
| 
| // Check long long types.
| #define BIG64 18446744073709551615ull
| #define BIG32 4294967295ul
| #define BIG_OK (BIG64 / BIG32 == 4294967297ull && BIG64 % BIG32 == 0)
| #if !BIG_OK
|   your preprocessor is broken;
| #endif
| #if BIG_OK
| #else
|   your preprocessor is broken;
| #endif
| static long long int bignum = -9223372036854775807LL;
| static unsigned long long int ubignum = BIG64;
| 
| struct incomplete_array
| {
|   int datasize;
|   double data[];
| };
| 
| struct named_init {
|   int number;
|   const wchar_t *name;
|   double average;
| };
| 
| typedef const char *ccp;
| 
| static inline int
| test_restrict (ccp restrict text)
| {
|   // See if C++-style comments work.
|   // Iterate through items via the restricted pointer.
|   // Also check for declarations in for loops.
|   for (unsigned int i = 0; *(text+i) != '\0'; ++i)
|     continue;
|   return 0;
| }
| 
| // Check varargs and va_copy.
| static void
| test_varargs (const char *format, ...)
| {
|   va_list args;
|   va_start (args, format);
|   va_list args_copy;
|   va_copy (args_copy, args);
| 
|   const char *str;
|   int number;
|   float fnumber;
| 
|   while (*format)
|     {
|       switch (*format++)
| 	{
| 	case 's': // string
| 	  str = va_arg (args_copy, const char *);
| 	  break;
| 	case 'd': // int
| 	  number = va_arg (args_copy, int);
| 	  break;
| 	case 'f': // float
| 	  fnumber = va_arg (args_copy, double);
| 	  break;
| 	default:
| 	  break;
| 	}
|     }
|   va_end (args_copy);
|   va_end (args);
| }
| 
| int
| main ()
| {
| 
|   // Check bool.
|   _Bool success = false;
| 
|   // Check restrict.
|   if (test_restrict ("String literal") == 0)
|     success = true;
|   char *restrict newvar = "Another string";
| 
|   // Check varargs.
|   test_varargs ("s, d' f .", "string", 65, 34.234);
|   test_varargs_macros ();
| 
|   // Check flexible array members.
|   struct incomplete_array *ia =
|     malloc (sizeof (struct incomplete_array) + (sizeof (double) * 10));
|   ia->datasize = 10;
|   for (int i = 0; i < ia->datasize; ++i)
|     ia->data[i] = i * 1.234;
| 
|   // Check named initializers.
|   struct named_init ni = {
|     .number = 34,
|     .name = L"Test wide string",
|     .average = 543.34343,
|   };
| 
|   ni.number = 58;
| 
|   int dynamic_array[ni.number];
|   dynamic_array[ni.number - 1] = 543;
| 
|   // work around unused variable warnings
|   return (!success || bignum == 0LL || ubignum == 0uLL || newvar[0] == 'x'
| 	  || dynamic_array[ni.number - 1] != 543);
| 
|   ;
|   return 0;
| }
configure:16194: gcc -std=gnu99 -c -g -O2  conftest.c >&5
configure:16194: $? = 0
configure:16214: result: -std=gnu99
configure:16225: checking for g++
configure:16241: found /usr/bin/g++
configure:16253: result: yes
configure:16272: checking arpa/inet.h usability
configure:16272: gcc -std=gnu99 -c -g -O2  conftest.c >&5
configure:16272: $? = 0
configure:16272: result: yes
configure:16272: checking arpa/inet.h presence
configure:16272: gcc -E  conftest.c
configure:16272: $? = 0
configure:16272: result: yes
configure:16272: checking for arpa/inet.h
configure:16272: result: yes
configure:16272: checking fcntl.h usability
configure:16272: gcc -std=gnu99 -c -g -O2  conftest.c >&5
configure:16272: $? = 0
configure:16272: result: yes
configure:16272: checking fcntl.h presence
configure:16272: gcc -E  conftest.c
configure:16272: $? = 0
configure:16272: result: yes
configure:16272: checking for fcntl.h
configure:16272: result: yes
configure:16272: checking limits.h usability
configure:16272: gcc -std=gnu99 -c -g -O2  conftest.c >&5
configure:16272: $? = 0
configure:16272: result: yes
configure:16272: checking limits.h presence
configure:16272: gcc -E  conftest.c
configure:16272: $? = 0
configure:16272: result: yes
configure:16272: checking for limits.h
configure:16272: result: yes
configure:16272: checking netdb.h usability
configure:16272: gcc -std=gnu99 -c -g -O2  conftest.c >&5
configure:16272: $? = 0
configure:16272: result: yes
configure:16272: checking netdb.h presence
configure:16272: gcc -E  conftest.c
configure:16272: $? = 0
configure:16272: result: yes
configure:16272: checking for netdb.h
configure:16272: result: yes
configure:16272: checking netinet/in.h usability
configure:16272: gcc -std=gnu99 -c -g -O2  conftest.c >&5
configure:16272: $? = 0
configure:16272: result: yes
configure:16272: checking netinet/in.h presence
configure:16272: gcc -E  conftest.c
configure:16272: $? = 0
configure:16272: result: yes
configure:16272: checking for netinet/in.h
configure:16272: result: yes
configure:16272: checking for stdint.h
configure:16272: result: yes
configure:16272: checking for stdlib.h
configure:16272: result: yes
configure:16272: checking for string.h
configure:16272: result: yes
configure:16272: checking sys/socket.h usability
configure:16272: gcc -std=gnu99 -c -g -O2  conftest.c >&5
configure:16272: $? = 0
configure:16272: result: yes
configure:16272: checking sys/socket.h presence
configure:16272: gcc -E  conftest.c
configure:16272: $? = 0
configure:16272: result: yes
configure:16272: checking for sys/socket.h
configure:16272: result: yes
configure:16272: checking sys/time.h usability
configure:16272: gcc -std=gnu99 -c -g -O2  conftest.c >&5
configure:16272: $? = 0
configure:16272: result: yes
configure:16272: checking sys/time.h presence
configure:16272: gcc -E  conftest.c
configure:16272: $? = 0
configure:16272: result: yes
configure:16272: checking for sys/time.h
configure:16272: result: yes
configure:16272: checking syslog.h usability
configure:16272: gcc -std=gnu99 -c -g -O2  conftest.c >&5
configure:16272: $? = 0
configure:16272: result: yes
configure:16272: checking syslog.h presence
configure:16272: gcc -E  conftest.c
configure:16272: $? = 0
configure:16272: result: yes
configure:16272: checking for syslog.h
configure:16272: result: yes
configure:16272: checking for unistd.h
configure:16272: result: yes
configure:16272: checking utime.h usability
configure:16272: gcc -std=gnu99 -c -g -O2  conftest.c >&5
configure:16272: $? = 0
configure:16272: result: yes
configure:16272: checking utime.h presence
configure:16272: gcc -E  conftest.c
configure:16272: $? = 0
configure:16272: result: yes
configure:16272: checking for utime.h
configure:16272: result: yes
configure:16272: checking paths.h usability
configure:16272: gcc -std=gnu99 -c -g -O2  conftest.c >&5
configure:16272: $? = 0
configure:16272: result: yes
configure:16272: checking paths.h presence
configure:16272: gcc -E  conftest.c
configure:16272: $? = 0
configure:16272: result: yes
configure:16272: checking for paths.h
configure:16272: result: yes
configure:16272: checking sys/cdefs.h usability
configure:16272: gcc -std=gnu99 -c -g -O2  conftest.c >&5
configure:16272: $? = 0
configure:16272: result: yes
configure:16272: checking sys/cdefs.h presence
configure:16272: gcc -E  conftest.c
configure:16272: $? = 0
configure:16272: result: yes
configure:16272: checking for sys/cdefs.h
configure:16272: result: yes
configure:16272: checking sys/loadavg.h usability
configure:16272: gcc -std=gnu99 -c -g -O2  conftest.c >&5
conftest.c:71:25: fatal error: sys/loadavg.h: No such file or directory
 #include <sys/loadavg.h>
                         ^
compilation terminated.
configure:16272: $? = 1
configure: failed program was:
| /* confdefs.h */
| #define PACKAGE_NAME "mod_tile"
| #define PACKAGE_TARNAME "mod_tile"
| #define PACKAGE_VERSION "0.1"
| #define PACKAGE_STRING "mod_tile 0.1"
| #define PACKAGE_BUGREPORT "http://trac.openstreetmap.org"
| #define PACKAGE_URL ""
| #define PACKAGE "mod_tile"
| #define VERSION "0.1"
| #define STDC_HEADERS 1
| #define HAVE_SYS_TYPES_H 1
| #define HAVE_SYS_STAT_H 1
| #define HAVE_STDLIB_H 1
| #define HAVE_STRING_H 1
| #define HAVE_MEMORY_H 1
| #define HAVE_STRINGS_H 1
| #define HAVE_INTTYPES_H 1
| #define HAVE_STDINT_H 1
| #define HAVE_UNISTD_H 1
| #define HAVE_DLFCN_H 1
| #define LT_OBJDIR ".libs/"
| #define HAVE_ARPA_INET_H 1
| #define HAVE_FCNTL_H 1
| #define HAVE_LIMITS_H 1
| #define HAVE_NETDB_H 1
| #define HAVE_NETINET_IN_H 1
| #define HAVE_STDINT_H 1
| #define HAVE_STDLIB_H 1
| #define HAVE_STRING_H 1
| #define HAVE_SYS_SOCKET_H 1
| #define HAVE_SYS_TIME_H 1
| #define HAVE_SYSLOG_H 1
| #define HAVE_UNISTD_H 1
| #define HAVE_UTIME_H 1
| #define HAVE_PATHS_H 1
| #define HAVE_SYS_CDEFS_H 1
| /* end confdefs.h.  */
| #include <stdio.h>
| #ifdef HAVE_SYS_TYPES_H
| # include <sys/types.h>
| #endif
| #ifdef HAVE_SYS_STAT_H
| # include <sys/stat.h>
| #endif
| #ifdef STDC_HEADERS
| # include <stdlib.h>
| # include <stddef.h>
| #else
| # ifdef HAVE_STDLIB_H
| #  include <stdlib.h>
| # endif
| #endif
| #ifdef HAVE_STRING_H
| # if !defined STDC_HEADERS && defined HAVE_MEMORY_H
| #  include <memory.h>
| # endif
| # include <string.h>
| #endif
| #ifdef HAVE_STRINGS_H
| # include <strings.h>
| #endif
| #ifdef HAVE_INTTYPES_H
| # include <inttypes.h>
| #endif
| #ifdef HAVE_STDINT_H
| # include <stdint.h>
| #endif
| #ifdef HAVE_UNISTD_H
| # include <unistd.h>
| #endif
| #include <sys/loadavg.h>
configure:16272: result: no
configure:16272: checking sys/loadavg.h presence
configure:16272: gcc -E  conftest.c
conftest.c:38:25: fatal error: sys/loadavg.h: No such file or directory
 #include <sys/loadavg.h>
                         ^
compilation terminated.
configure:16272: $? = 1
configure: failed program was:
| /* confdefs.h */
| #define PACKAGE_NAME "mod_tile"
| #define PACKAGE_TARNAME "mod_tile"
| #define PACKAGE_VERSION "0.1"
| #define PACKAGE_STRING "mod_tile 0.1"
| #define PACKAGE_BUGREPORT "http://trac.openstreetmap.org"
| #define PACKAGE_URL ""
| #define PACKAGE "mod_tile"
| #define VERSION "0.1"
| #define STDC_HEADERS 1
| #define HAVE_SYS_TYPES_H 1
| #define HAVE_SYS_STAT_H 1
| #define HAVE_STDLIB_H 1
| #define HAVE_STRING_H 1
| #define HAVE_MEMORY_H 1
| #define HAVE_STRINGS_H 1
| #define HAVE_INTTYPES_H 1
| #define HAVE_STDINT_H 1
| #define HAVE_UNISTD_H 1
| #define HAVE_DLFCN_H 1
| #define LT_OBJDIR ".libs/"
| #define HAVE_ARPA_INET_H 1
| #define HAVE_FCNTL_H 1
| #define HAVE_LIMITS_H 1
| #define HAVE_NETDB_H 1
| #define HAVE_NETINET_IN_H 1
| #define HAVE_STDINT_H 1
| #define HAVE_STDLIB_H 1
| #define HAVE_STRING_H 1
| #define HAVE_SYS_SOCKET_H 1
| #define HAVE_SYS_TIME_H 1
| #define HAVE_SYSLOG_H 1
| #define HAVE_UNISTD_H 1
| #define HAVE_UTIME_H 1
| #define HAVE_PATHS_H 1
| #define HAVE_SYS_CDEFS_H 1
| /* end confdefs.h.  */
| #include <sys/loadavg.h>
configure:16272: result: no
configure:16272: checking for sys/loadavg.h
configure:16272: result: no
configure:16284: checking for inline
configure:16300: gcc -std=gnu99 -c -g -O2  conftest.c >&5
configure:16300: $? = 0
configure:16308: result: inline
configure:16326: checking for mode_t
configure:16326: gcc -std=gnu99 -c -g -O2  conftest.c >&5
configure:16326: $? = 0
configure:16326: gcc -std=gnu99 -c -g -O2  conftest.c >&5
conftest.c: In function 'main':
conftest.c:74:21: error: expected expression before ')' token
 if (sizeof ((mode_t)))
                     ^
configure:16326: $? = 1
configure: failed program was:
| /* confdefs.h */
| #define PACKAGE_NAME "mod_tile"
| #define PACKAGE_TARNAME "mod_tile"
| #define PACKAGE_VERSION "0.1"
| #define PACKAGE_STRING "mod_tile 0.1"
| #define PACKAGE_BUGREPORT "http://trac.openstreetmap.org"
| #define PACKAGE_URL ""
| #define PACKAGE "mod_tile"
| #define VERSION "0.1"
| #define STDC_HEADERS 1
| #define HAVE_SYS_TYPES_H 1
| #define HAVE_SYS_STAT_H 1
| #define HAVE_STDLIB_H 1
| #define HAVE_STRING_H 1
| #define HAVE_MEMORY_H 1
| #define HAVE_STRINGS_H 1
| #define HAVE_INTTYPES_H 1
| #define HAVE_STDINT_H 1
| #define HAVE_UNISTD_H 1
| #define HAVE_DLFCN_H 1
| #define LT_OBJDIR ".libs/"
| #define HAVE_ARPA_INET_H 1
| #define HAVE_FCNTL_H 1
| #define HAVE_LIMITS_H 1
| #define HAVE_NETDB_H 1
| #define HAVE_NETINET_IN_H 1
| #define HAVE_STDINT_H 1
| #define HAVE_STDLIB_H 1
| #define HAVE_STRING_H 1
| #define HAVE_SYS_SOCKET_H 1
| #define HAVE_SYS_TIME_H 1
| #define HAVE_SYSLOG_H 1
| #define HAVE_UNISTD_H 1
| #define HAVE_UTIME_H 1
| #define HAVE_PATHS_H 1
| #define HAVE_SYS_CDEFS_H 1
| /* end confdefs.h.  */
| #include <stdio.h>
| #ifdef HAVE_SYS_TYPES_H
| # include <sys/types.h>
| #endif
| #ifdef HAVE_SYS_STAT_H
| # include <sys/stat.h>
| #endif
| #ifdef STDC_HEADERS
| # include <stdlib.h>
| # include <stddef.h>
| #else
| # ifdef HAVE_STDLIB_H
| #  include <stdlib.h>
| # endif
| #endif
| #ifdef HAVE_STRING_H
| # if !defined STDC_HEADERS && defined HAVE_MEMORY_H
| #  include <memory.h>
| # endif
| # include <string.h>
| #endif
| #ifdef HAVE_STRINGS_H
| # include <strings.h>
| #endif
| #ifdef HAVE_INTTYPES_H
| # include <inttypes.h>
| #endif
| #ifdef HAVE_STDINT_H
| # include <stdint.h>
| #endif
| #ifdef HAVE_UNISTD_H
| # include <unistd.h>
| #endif
| int
| main ()
| {
| if (sizeof ((mode_t)))
| 	    return 0;
|   ;
|   return 0;
| }
configure:16326: result: yes
configure:16337: checking for size_t
configure:16337: gcc -std=gnu99 -c -g -O2  conftest.c >&5
configure:16337: $? = 0
configure:16337: gcc -std=gnu99 -c -g -O2  conftest.c >&5
conftest.c: In function 'main':
conftest.c:74:21: error: expected expression before ')' token
 if (sizeof ((size_t)))
                     ^
configure:16337: $? = 1
configure: failed program was:
| /* confdefs.h */
| #define PACKAGE_NAME "mod_tile"
| #define PACKAGE_TARNAME "mod_tile"
| #define PACKAGE_VERSION "0.1"
| #define PACKAGE_STRING "mod_tile 0.1"
| #define PACKAGE_BUGREPORT "http://trac.openstreetmap.org"
| #define PACKAGE_URL ""
| #define PACKAGE "mod_tile"
| #define VERSION "0.1"
| #define STDC_HEADERS 1
| #define HAVE_SYS_TYPES_H 1
| #define HAVE_SYS_STAT_H 1
| #define HAVE_STDLIB_H 1
| #define HAVE_STRING_H 1
| #define HAVE_MEMORY_H 1
| #define HAVE_STRINGS_H 1
| #define HAVE_INTTYPES_H 1
| #define HAVE_STDINT_H 1
| #define HAVE_UNISTD_H 1
| #define HAVE_DLFCN_H 1
| #define LT_OBJDIR ".libs/"
| #define HAVE_ARPA_INET_H 1
| #define HAVE_FCNTL_H 1
| #define HAVE_LIMITS_H 1
| #define HAVE_NETDB_H 1
| #define HAVE_NETINET_IN_H 1
| #define HAVE_STDINT_H 1
| #define HAVE_STDLIB_H 1
| #define HAVE_STRING_H 1
| #define HAVE_SYS_SOCKET_H 1
| #define HAVE_SYS_TIME_H 1
| #define HAVE_SYSLOG_H 1
| #define HAVE_UNISTD_H 1
| #define HAVE_UTIME_H 1
| #define HAVE_PATHS_H 1
| #define HAVE_SYS_CDEFS_H 1
| /* end confdefs.h.  */
| #include <stdio.h>
| #ifdef HAVE_SYS_TYPES_H
| # include <sys/types.h>
| #endif
| #ifdef HAVE_SYS_STAT_H
| # include <sys/stat.h>
| #endif
| #ifdef STDC_HEADERS
| # include <stdlib.h>
| # include <stddef.h>
| #else
| # ifdef HAVE_STDLIB_H
| #  include <stdlib.h>
| # endif
| #endif
| #ifdef HAVE_STRING_H
| # if !defined STDC_HEADERS && defined HAVE_MEMORY_H
| #  include <memory.h>
| # endif
| # include <string.h>
| #endif
| #ifdef HAVE_STRINGS_H
| # include <strings.h>
| #endif
| #ifdef HAVE_INTTYPES_H
| # include <inttypes.h>
| #endif
| #ifdef HAVE_STDINT_H
| # include <stdint.h>
| #endif
| #ifdef HAVE_UNISTD_H
| # include <unistd.h>
| #endif
| int
| main ()
| {
| if (sizeof ((size_t)))
| 	    return 0;
|   ;
|   return 0;
| }
configure:16337: result: yes
configure:16348: checking for uint16_t
configure:16348: gcc -std=gnu99 -c -g -O2  conftest.c >&5
configure:16348: $? = 0
configure:16348: result: yes
configure:16360: checking for uint32_t
configure:16360: gcc -std=gnu99 -c -g -O2  conftest.c >&5
configure:16360: $? = 0
configure:16360: result: yes
configure:16374: checking for uint64_t
configure:16374: gcc -std=gnu99 -c -g -O2  conftest.c >&5
configure:16374: $? = 0
configure:16374: result: yes
configure:16392: checking for stdlib.h
configure:16392: result: yes
configure:16402: checking for GNU libc compatible malloc
configure:16426: gcc -std=gnu99 -o conftest -g -O2   conftest.c  >&5
configure:16426: $? = 0
configure:16426: ./conftest
configure:16426: $? = 0
configure:16436: result: yes
configure:16457: checking whether time.h and sys/time.h may both be included
configure:16477: gcc -std=gnu99 -c -g -O2  conftest.c >&5
configure:16477: $? = 0
configure:16484: result: yes
configure:16498: checking for sys/time.h
configure:16498: result: yes
configure:16498: checking for unistd.h
configure:16498: result: yes
configure:16519: checking for alarm
configure:16519: gcc -std=gnu99 -o conftest -g -O2   conftest.c  >&5
configure:16519: $? = 0
configure:16519: result: yes
configure:16532: checking for working mktime
configure:16734: gcc -std=gnu99 -o conftest -g -O2   conftest.c  >&5
configure:16734: $? = 0
configure:16734: ./conftest
configure:16734: $? = 0
configure:16744: result: yes
configure:16923: checking for the pthreads library -lpthreads
configure:16961: gcc -std=gnu99 -o conftest -g -O2    conftest.c -lpthreads  >&5
/usr/bin/ld: cannot find -lpthreads
collect2: error: ld returned 1 exit status
configure:16961: $? = 1
configure: failed program was:
| /* confdefs.h */
| #define PACKAGE_NAME "mod_tile"
| #define PACKAGE_TARNAME "mod_tile"
| #define PACKAGE_VERSION "0.1"
| #define PACKAGE_STRING "mod_tile 0.1"
| #define PACKAGE_BUGREPORT "http://trac.openstreetmap.org"
| #define PACKAGE_URL ""
| #define PACKAGE "mod_tile"
| #define VERSION "0.1"
| #define STDC_HEADERS 1
| #define HAVE_SYS_TYPES_H 1
| #define HAVE_SYS_STAT_H 1
| #define HAVE_STDLIB_H 1
| #define HAVE_STRING_H 1
| #define HAVE_MEMORY_H 1
| #define HAVE_STRINGS_H 1
| #define HAVE_INTTYPES_H 1
| #define HAVE_STDINT_H 1
| #define HAVE_UNISTD_H 1
| #define HAVE_DLFCN_H 1
| #define LT_OBJDIR ".libs/"
| #define HAVE_ARPA_INET_H 1
| #define HAVE_FCNTL_H 1
| #define HAVE_LIMITS_H 1
| #define HAVE_NETDB_H 1
| #define HAVE_NETINET_IN_H 1
| #define HAVE_STDINT_H 1
| #define HAVE_STDLIB_H 1
| #define HAVE_STRING_H 1
| #define HAVE_SYS_SOCKET_H 1
| #define HAVE_SYS_TIME_H 1
| #define HAVE_SYSLOG_H 1
| #define HAVE_UNISTD_H 1
| #define HAVE_UTIME_H 1
| #define HAVE_PATHS_H 1
| #define HAVE_SYS_CDEFS_H 1
| #define HAVE_STDLIB_H 1
| #define HAVE_MALLOC 1
| #define TIME_WITH_SYS_TIME 1
| #define HAVE_SYS_TIME_H 1
| #define HAVE_UNISTD_H 1
| #define HAVE_ALARM 1
| /* end confdefs.h.  */
| #include <pthread.h>
| 		     static void routine(void* a) {a=0;}
| 		     static void* start_routine(void* a) {return a;}
| int
| main ()
| {
| pthread_t th; pthread_attr_t attr;
|                      pthread_create(&th,0,start_routine,0);
|                      pthread_join(th, 0);
|                      pthread_attr_init(&attr);
|                      pthread_cleanup_push(routine, 0);
|                      pthread_cleanup_pop(0);
|   ;
|   return 0;
| }
configure:16970: result: no
configure:16868: checking whether pthreads work without any flags
configure:16961: gcc -std=gnu99 -o conftest -g -O2    conftest.c   >&5
/tmp/ccr5mNb9.o: In function `main':
/home/ddevienne/TOOLS/mod_tile/conftest.c:51: undefined reference to `pthread_create'
/home/ddevienne/TOOLS/mod_tile/conftest.c:52: undefined reference to `pthread_join'
/home/ddevienne/TOOLS/mod_tile/conftest.c:54: undefined reference to `__pthread_register_cancel'
/home/ddevienne/TOOLS/mod_tile/conftest.c:55: undefined reference to `__pthread_unregister_cancel'
collect2: error: ld returned 1 exit status
configure:16961: $? = 1
configure: failed program was:
| /* confdefs.h */
| #define PACKAGE_NAME "mod_tile"
| #define PACKAGE_TARNAME "mod_tile"
| #define PACKAGE_VERSION "0.1"
| #define PACKAGE_STRING "mod_tile 0.1"
| #define PACKAGE_BUGREPORT "http://trac.openstreetmap.org"
| #define PACKAGE_URL ""
| #define PACKAGE "mod_tile"
| #define VERSION "0.1"
| #define STDC_HEADERS 1
| #define HAVE_SYS_TYPES_H 1
| #define HAVE_SYS_STAT_H 1
| #define HAVE_STDLIB_H 1
| #define HAVE_STRING_H 1
| #define HAVE_MEMORY_H 1
| #define HAVE_STRINGS_H 1
| #define HAVE_INTTYPES_H 1
| #define HAVE_STDINT_H 1
| #define HAVE_UNISTD_H 1
| #define HAVE_DLFCN_H 1
| #define LT_OBJDIR ".libs/"
| #define HAVE_ARPA_INET_H 1
| #define HAVE_FCNTL_H 1
| #define HAVE_LIMITS_H 1
| #define HAVE_NETDB_H 1
| #define HAVE_NETINET_IN_H 1
| #define HAVE_STDINT_H 1
| #define HAVE_STDLIB_H 1
| #define HAVE_STRING_H 1
| #define HAVE_SYS_SOCKET_H 1
| #define HAVE_SYS_TIME_H 1
| #define HAVE_SYSLOG_H 1
| #define HAVE_UNISTD_H 1
| #define HAVE_UTIME_H 1
| #define HAVE_PATHS_H 1
| #define HAVE_SYS_CDEFS_H 1
| #define HAVE_STDLIB_H 1
| #define HAVE_MALLOC 1
| #define TIME_WITH_SYS_TIME 1
| #define HAVE_SYS_TIME_H 1
| #define HAVE_UNISTD_H 1
| #define HAVE_ALARM 1
| /* end confdefs.h.  */
| #include <pthread.h>
| 		     static void routine(void* a) {a=0;}
| 		     static void* start_routine(void* a) {return a;}
| int
| main ()
| {
| pthread_t th; pthread_attr_t attr;
|                      pthread_create(&th,0,start_routine,0);
|                      pthread_join(th, 0);
|                      pthread_attr_init(&attr);
|                      pthread_cleanup_push(routine, 0);
|                      pthread_cleanup_pop(0);
|   ;
|   return 0;
| }
configure:16970: result: no
configure:16873: checking whether pthreads work with -Kthread
configure:16961: gcc -std=gnu99 -o conftest -g -O2 -Kthread   conftest.c   >&5
gcc: error: unrecognized command line option '-Kthread'
configure:16961: $? = 1
configure: failed program was:
| /* confdefs.h */
| #define PACKAGE_NAME "mod_tile"
| #define PACKAGE_TARNAME "mod_tile"
| #define PACKAGE_VERSION "0.1"
| #define PACKAGE_STRING "mod_tile 0.1"
| #define PACKAGE_BUGREPORT "http://trac.openstreetmap.org"
| #define PACKAGE_URL ""
| #define PACKAGE "mod_tile"
| #define VERSION "0.1"
| #define STDC_HEADERS 1
| #define HAVE_SYS_TYPES_H 1
| #define HAVE_SYS_STAT_H 1
| #define HAVE_STDLIB_H 1
| #define HAVE_STRING_H 1
| #define HAVE_MEMORY_H 1
| #define HAVE_STRINGS_H 1
| #define HAVE_INTTYPES_H 1
| #define HAVE_STDINT_H 1
| #define HAVE_UNISTD_H 1
| #define HAVE_DLFCN_H 1
| #define LT_OBJDIR ".libs/"
| #define HAVE_ARPA_INET_H 1
| #define HAVE_FCNTL_H 1
| #define HAVE_LIMITS_H 1
| #define HAVE_NETDB_H 1
| #define HAVE_NETINET_IN_H 1
| #define HAVE_STDINT_H 1
| #define HAVE_STDLIB_H 1
| #define HAVE_STRING_H 1
| #define HAVE_SYS_SOCKET_H 1
| #define HAVE_SYS_TIME_H 1
| #define HAVE_SYSLOG_H 1
| #define HAVE_UNISTD_H 1
| #define HAVE_UTIME_H 1
| #define HAVE_PATHS_H 1
| #define HAVE_SYS_CDEFS_H 1
| #define HAVE_STDLIB_H 1
| #define HAVE_MALLOC 1
| #define TIME_WITH_SYS_TIME 1
| #define HAVE_SYS_TIME_H 1
| #define HAVE_UNISTD_H 1
| #define HAVE_ALARM 1
| /* end confdefs.h.  */
| #include <pthread.h>
| 		     static void routine(void* a) {a=0;}
| 		     static void* start_routine(void* a) {return a;}
| int
| main ()
| {
| pthread_t th; pthread_attr_t attr;
|                      pthread_create(&th,0,start_routine,0);
|                      pthread_join(th, 0);
|                      pthread_attr_init(&attr);
|                      pthread_cleanup_push(routine, 0);
|                      pthread_cleanup_pop(0);
|   ;
|   return 0;
| }
configure:16970: result: no
configure:16873: checking whether pthreads work with -kthread
configure:16961: gcc -std=gnu99 -o conftest -g -O2 -kthread   conftest.c   >&5
gcc: error: unrecognized command line option '-kthread'
configure:16961: $? = 1
configure: failed program was:
| /* confdefs.h */
| #define PACKAGE_NAME "mod_tile"
| #define PACKAGE_TARNAME "mod_tile"
| #define PACKAGE_VERSION "0.1"
| #define PACKAGE_STRING "mod_tile 0.1"
| #define PACKAGE_BUGREPORT "http://trac.openstreetmap.org"
| #define PACKAGE_URL ""
| #define PACKAGE "mod_tile"
| #define VERSION "0.1"
| #define STDC_HEADERS 1
| #define HAVE_SYS_TYPES_H 1
| #define HAVE_SYS_STAT_H 1
| #define HAVE_STDLIB_H 1
| #define HAVE_STRING_H 1
| #define HAVE_MEMORY_H 1
| #define HAVE_STRINGS_H 1
| #define HAVE_INTTYPES_H 1
| #define HAVE_STDINT_H 1
| #define HAVE_UNISTD_H 1
| #define HAVE_DLFCN_H 1
| #define LT_OBJDIR ".libs/"
| #define HAVE_ARPA_INET_H 1
| #define HAVE_FCNTL_H 1
| #define HAVE_LIMITS_H 1
| #define HAVE_NETDB_H 1
| #define HAVE_NETINET_IN_H 1
| #define HAVE_STDINT_H 1
| #define HAVE_STDLIB_H 1
| #define HAVE_STRING_H 1
| #define HAVE_SYS_SOCKET_H 1
| #define HAVE_SYS_TIME_H 1
| #define HAVE_SYSLOG_H 1
| #define HAVE_UNISTD_H 1
| #define HAVE_UTIME_H 1
| #define HAVE_PATHS_H 1
| #define HAVE_SYS_CDEFS_H 1
| #define HAVE_STDLIB_H 1
| #define HAVE_MALLOC 1
| #define TIME_WITH_SYS_TIME 1
| #define HAVE_SYS_TIME_H 1
| #define HAVE_UNISTD_H 1
| #define HAVE_ALARM 1
| /* end confdefs.h.  */
| #include <pthread.h>
| 		     static void routine(void* a) {a=0;}
| 		     static void* start_routine(void* a) {return a;}
| int
| main ()
| {
| pthread_t th; pthread_attr_t attr;
|                      pthread_create(&th,0,start_routine,0);
|                      pthread_join(th, 0);
|                      pthread_attr_init(&attr);
|                      pthread_cleanup_push(routine, 0);
|                      pthread_cleanup_pop(0);
|   ;
|   return 0;
| }
configure:16970: result: no
configure:16923: checking for the pthreads library -llthread
configure:16961: gcc -std=gnu99 -o conftest -g -O2    conftest.c -llthread  >&5
/usr/bin/ld: cannot find -llthread
collect2: error: ld returned 1 exit status
configure:16961: $? = 1
configure: failed program was:
| /* confdefs.h */
| #define PACKAGE_NAME "mod_tile"
| #define PACKAGE_TARNAME "mod_tile"
| #define PACKAGE_VERSION "0.1"
| #define PACKAGE_STRING "mod_tile 0.1"
| #define PACKAGE_BUGREPORT "http://trac.openstreetmap.org"
| #define PACKAGE_URL ""
| #define PACKAGE "mod_tile"
| #define VERSION "0.1"
| #define STDC_HEADERS 1
| #define HAVE_SYS_TYPES_H 1
| #define HAVE_SYS_STAT_H 1
| #define HAVE_STDLIB_H 1
| #define HAVE_STRING_H 1
| #define HAVE_MEMORY_H 1
| #define HAVE_STRINGS_H 1
| #define HAVE_INTTYPES_H 1
| #define HAVE_STDINT_H 1
| #define HAVE_UNISTD_H 1
| #define HAVE_DLFCN_H 1
| #define LT_OBJDIR ".libs/"
| #define HAVE_ARPA_INET_H 1
| #define HAVE_FCNTL_H 1
| #define HAVE_LIMITS_H 1
| #define HAVE_NETDB_H 1
| #define HAVE_NETINET_IN_H 1
| #define HAVE_STDINT_H 1
| #define HAVE_STDLIB_H 1
| #define HAVE_STRING_H 1
| #define HAVE_SYS_SOCKET_H 1
| #define HAVE_SYS_TIME_H 1
| #define HAVE_SYSLOG_H 1
| #define HAVE_UNISTD_H 1
| #define HAVE_UTIME_H 1
| #define HAVE_PATHS_H 1
| #define HAVE_SYS_CDEFS_H 1
| #define HAVE_STDLIB_H 1
| #define HAVE_MALLOC 1
| #define TIME_WITH_SYS_TIME 1
| #define HAVE_SYS_TIME_H 1
| #define HAVE_UNISTD_H 1
| #define HAVE_ALARM 1
| /* end confdefs.h.  */
| #include <pthread.h>
| 		     static void routine(void* a) {a=0;}
| 		     static void* start_routine(void* a) {return a;}
| int
| main ()
| {
| pthread_t th; pthread_attr_t attr;
|                      pthread_create(&th,0,start_routine,0);
|                      pthread_join(th, 0);
|                      pthread_attr_init(&attr);
|                      pthread_cleanup_push(routine, 0);
|                      pthread_cleanup_pop(0);
|   ;
|   return 0;
| }
configure:16970: result: no
configure:16873: checking whether pthreads work with -pthread
configure:16961: gcc -std=gnu99 -o conftest -g -O2 -pthread   conftest.c   >&5
configure:16961: $? = 0
configure:16970: result: yes
configure:16989: checking for joinable pthread attribute
configure:17004: gcc -std=gnu99 -o conftest -g -O2 -pthread   conftest.c   >&5
configure:17004: $? = 0
configure:17010: result: PTHREAD_CREATE_JOINABLE
configure:17020: checking if more special flags are required for pthreads
configure:17027: result: no
configure:17109: checking for library containing socket
configure:17140: gcc -std=gnu99 -o conftest -g -O2   conftest.c  >&5
configure:17140: $? = 0
configure:17157: result: none required
configure:17165: checking for library containing inet_ntoa
configure:17196: gcc -std=gnu99 -o conftest -g -O2   conftest.c  >&5
configure:17196: $? = 0
configure:17213: result: none required
configure:17221: checking for library containing gethostbyname
configure:17252: gcc -std=gnu99 -o conftest -g -O2   conftest.c  >&5
configure:17252: $? = 0
configure:17269: result: none required
configure:17277: checking for library containing pow
configure:17308: gcc -std=gnu99 -o conftest -g -O2   conftest.c  >&5
conftest.c:52:6: warning: conflicting types for built-in function 'pow' [enabled by default]
 char pow ();
      ^
/tmp/cczTZA1K.o: In function `main':
/home/ddevienne/TOOLS/mod_tile/conftest.c:56: undefined reference to `pow'
collect2: error: ld returned 1 exit status
configure:17308: $? = 1
configure: failed program was:
| /* confdefs.h */
| #define PACKAGE_NAME "mod_tile"
| #define PACKAGE_TARNAME "mod_tile"
| #define PACKAGE_VERSION "0.1"
| #define PACKAGE_STRING "mod_tile 0.1"
| #define PACKAGE_BUGREPORT "http://trac.openstreetmap.org"
| #define PACKAGE_URL ""
| #define PACKAGE "mod_tile"
| #define VERSION "0.1"
| #define STDC_HEADERS 1
| #define HAVE_SYS_TYPES_H 1
| #define HAVE_SYS_STAT_H 1
| #define HAVE_STDLIB_H 1
| #define HAVE_STRING_H 1
| #define HAVE_MEMORY_H 1
| #define HAVE_STRINGS_H 1
| #define HAVE_INTTYPES_H 1
| #define HAVE_STDINT_H 1
| #define HAVE_UNISTD_H 1
| #define HAVE_DLFCN_H 1
| #define LT_OBJDIR ".libs/"
| #define HAVE_ARPA_INET_H 1
| #define HAVE_FCNTL_H 1
| #define HAVE_LIMITS_H 1
| #define HAVE_NETDB_H 1
| #define HAVE_NETINET_IN_H 1
| #define HAVE_STDINT_H 1
| #define HAVE_STDLIB_H 1
| #define HAVE_STRING_H 1
| #define HAVE_SYS_SOCKET_H 1
| #define HAVE_SYS_TIME_H 1
| #define HAVE_SYSLOG_H 1
| #define HAVE_UNISTD_H 1
| #define HAVE_UTIME_H 1
| #define HAVE_PATHS_H 1
| #define HAVE_SYS_CDEFS_H 1
| #define HAVE_STDLIB_H 1
| #define HAVE_MALLOC 1
| #define TIME_WITH_SYS_TIME 1
| #define HAVE_SYS_TIME_H 1
| #define HAVE_UNISTD_H 1
| #define HAVE_ALARM 1
| #define HAVE_PTHREAD 1
| /* end confdefs.h.  */
| 
| /* Override any GCC internal prototype to avoid an error.
|    Use char because int might match the return type of a GCC
|    builtin and then its argument prototype would still apply.  */
| #ifdef __cplusplus
| extern "C"
| #endif
| char pow ();
| int
| main ()
| {
| return pow ();
|   ;
|   return 0;
| }
configure:17308: gcc -std=gnu99 -o conftest -g -O2   conftest.c -lm   >&5
conftest.c:52:6: warning: conflicting types for built-in function 'pow' [enabled by default]
 char pow ();
      ^
configure:17308: $? = 0
configure:17325: result: -lm
configure:17333: checking for library containing clock_gettime
configure:17364: gcc -std=gnu99 -o conftest -g -O2   conftest.c -lm  >&5
configure:17364: $? = 0
configure:17381: result: none required
configure:17419: checking for mapnik-config
configure:17437: found /usr/local/bin/mapnik-config
configure:17449: result: /usr/local/bin/mapnik-config
configure:17460: checking for mapnik libraries
configure:17472: result: yes
configure:17486: checking libmemcached-1.0/memcached.h usability
configure:17486: gcc -std=gnu99 -c -g -O2  conftest.c >&5
conftest.c:79:40: fatal error: libmemcached-1.0/memcached.h: No such file or directory
 #include <libmemcached-1.0/memcached.h>
                                        ^
compilation terminated.
configure:17486: $? = 1
configure: failed program was:
| /* confdefs.h */
| #define PACKAGE_NAME "mod_tile"
| #define PACKAGE_TARNAME "mod_tile"
| #define PACKAGE_VERSION "0.1"
| #define PACKAGE_STRING "mod_tile 0.1"
| #define PACKAGE_BUGREPORT "http://trac.openstreetmap.org"
| #define PACKAGE_URL ""
| #define PACKAGE "mod_tile"
| #define VERSION "0.1"
| #define STDC_HEADERS 1
| #define HAVE_SYS_TYPES_H 1
| #define HAVE_SYS_STAT_H 1
| #define HAVE_STDLIB_H 1
| #define HAVE_STRING_H 1
| #define HAVE_MEMORY_H 1
| #define HAVE_STRINGS_H 1
| #define HAVE_INTTYPES_H 1
| #define HAVE_STDINT_H 1
| #define HAVE_UNISTD_H 1
| #define HAVE_DLFCN_H 1
| #define LT_OBJDIR ".libs/"
| #define HAVE_ARPA_INET_H 1
| #define HAVE_FCNTL_H 1
| #define HAVE_LIMITS_H 1
| #define HAVE_NETDB_H 1
| #define HAVE_NETINET_IN_H 1
| #define HAVE_STDINT_H 1
| #define HAVE_STDLIB_H 1
| #define HAVE_STRING_H 1
| #define HAVE_SYS_SOCKET_H 1
| #define HAVE_SYS_TIME_H 1
| #define HAVE_SYSLOG_H 1
| #define HAVE_UNISTD_H 1
| #define HAVE_UTIME_H 1
| #define HAVE_PATHS_H 1
| #define HAVE_SYS_CDEFS_H 1
| #define HAVE_STDLIB_H 1
| #define HAVE_MALLOC 1
| #define TIME_WITH_SYS_TIME 1
| #define HAVE_SYS_TIME_H 1
| #define HAVE_UNISTD_H 1
| #define HAVE_ALARM 1
| #define HAVE_PTHREAD 1
| #define HAVE_MAPNIK 1
| /* end confdefs.h.  */
| #include <stdio.h>
| #ifdef HAVE_SYS_TYPES_H
| # include <sys/types.h>
| #endif
| #ifdef HAVE_SYS_STAT_H
| # include <sys/stat.h>
| #endif
| #ifdef STDC_HEADERS
| # include <stdlib.h>
| # include <stddef.h>
| #else
| # ifdef HAVE_STDLIB_H
| #  include <stdlib.h>
| # endif
| #endif
| #ifdef HAVE_STRING_H
| # if !defined STDC_HEADERS && defined HAVE_MEMORY_H
| #  include <memory.h>
| # endif
| # include <string.h>
| #endif
| #ifdef HAVE_STRINGS_H
| # include <strings.h>
| #endif
| #ifdef HAVE_INTTYPES_H
| # include <inttypes.h>
| #endif
| #ifdef HAVE_STDINT_H
| # include <stdint.h>
| #endif
| #ifdef HAVE_UNISTD_H
| # include <unistd.h>
| #endif
| #include <libmemcached-1.0/memcached.h>
configure:17486: result: no
configure:17486: checking libmemcached-1.0/memcached.h presence
configure:17486: gcc -E  conftest.c
conftest.c:46:40: fatal error: libmemcached-1.0/memcached.h: No such file or directory
 #include <libmemcached-1.0/memcached.h>
                                        ^
compilation terminated.
configure:17486: $? = 1
configure: failed program was:
| /* confdefs.h */
| #define PACKAGE_NAME "mod_tile"
| #define PACKAGE_TARNAME "mod_tile"
| #define PACKAGE_VERSION "0.1"
| #define PACKAGE_STRING "mod_tile 0.1"
| #define PACKAGE_BUGREPORT "http://trac.openstreetmap.org"
| #define PACKAGE_URL ""
| #define PACKAGE "mod_tile"
| #define VERSION "0.1"
| #define STDC_HEADERS 1
| #define HAVE_SYS_TYPES_H 1
| #define HAVE_SYS_STAT_H 1
| #define HAVE_STDLIB_H 1
| #define HAVE_STRING_H 1
| #define HAVE_MEMORY_H 1
| #define HAVE_STRINGS_H 1
| #define HAVE_INTTYPES_H 1
| #define HAVE_STDINT_H 1
| #define HAVE_UNISTD_H 1
| #define HAVE_DLFCN_H 1
| #define LT_OBJDIR ".libs/"
| #define HAVE_ARPA_INET_H 1
| #define HAVE_FCNTL_H 1
| #define HAVE_LIMITS_H 1
| #define HAVE_NETDB_H 1
| #define HAVE_NETINET_IN_H 1
| #define HAVE_STDINT_H 1
| #define HAVE_STDLIB_H 1
| #define HAVE_STRING_H 1
| #define HAVE_SYS_SOCKET_H 1
| #define HAVE_SYS_TIME_H 1
| #define HAVE_SYSLOG_H 1
| #define HAVE_UNISTD_H 1
| #define HAVE_UTIME_H 1
| #define HAVE_PATHS_H 1
| #define HAVE_SYS_CDEFS_H 1
| #define HAVE_STDLIB_H 1
| #define HAVE_MALLOC 1
| #define TIME_WITH_SYS_TIME 1
| #define HAVE_SYS_TIME_H 1
| #define HAVE_UNISTD_H 1
| #define HAVE_ALARM 1
| #define HAVE_PTHREAD 1
| #define HAVE_MAPNIK 1
| /* end confdefs.h.  */
| #include <libmemcached-1.0/memcached.h>
configure:17486: result: no
configure:17486: checking for libmemcached-1.0/memcached.h
configure:17486: result: no
configure:17753: checking for gawk
configure:17780: result: gawk
configure:17842: checking for curl-config
configure:17860: found /usr/bin/curl-config
configure:17872: result: /usr/bin/curl-config
configure:17883: checking for the version of libcurl
configure:17890: result: 7.35.0
configure:17951: checking whether libcurl is usable
configure:17985: gcc -std=gnu99 -o conftest -g -O2    conftest.c -L/usr/lib/x86_64-linux-gnu -lcurl -lm  >&5
configure:17985: $? = 0
configure:17999: result: yes
configure:18012: checking for curl_free
configure:18012: gcc -std=gnu99 -o conftest -g -O2    conftest.c -lm  -L/usr/lib/x86_64-linux-gnu -lcurl >&5
configure:18012: $? = 0
configure:18012: result: yes
configure:18098: checking for rados_version in -lrados
configure:18123: gcc -std=gnu99 -o conftest -g -O2   conftest.c -lrados  -lm  >&5
/usr/bin/ld: cannot find -lrados
collect2: error: ld returned 1 exit status
configure:18123: $? = 1
configure: failed program was:
| /* confdefs.h */
| #define PACKAGE_NAME "mod_tile"
| #define PACKAGE_TARNAME "mod_tile"
| #define PACKAGE_VERSION "0.1"
| #define PACKAGE_STRING "mod_tile 0.1"
| #define PACKAGE_BUGREPORT "http://trac.openstreetmap.org"
| #define PACKAGE_URL ""
| #define PACKAGE "mod_tile"
| #define VERSION "0.1"
| #define STDC_HEADERS 1
| #define HAVE_SYS_TYPES_H 1
| #define HAVE_SYS_STAT_H 1
| #define HAVE_STDLIB_H 1
| #define HAVE_STRING_H 1
| #define HAVE_MEMORY_H 1
| #define HAVE_STRINGS_H 1
| #define HAVE_INTTYPES_H 1
| #define HAVE_STDINT_H 1
| #define HAVE_UNISTD_H 1
| #define HAVE_DLFCN_H 1
| #define LT_OBJDIR ".libs/"
| #define HAVE_ARPA_INET_H 1
| #define HAVE_FCNTL_H 1
| #define HAVE_LIMITS_H 1
| #define HAVE_NETDB_H 1
| #define HAVE_NETINET_IN_H 1
| #define HAVE_STDINT_H 1
| #define HAVE_STDLIB_H 1
| #define HAVE_STRING_H 1
| #define HAVE_SYS_SOCKET_H 1
| #define HAVE_SYS_TIME_H 1
| #define HAVE_SYSLOG_H 1
| #define HAVE_UNISTD_H 1
| #define HAVE_UTIME_H 1
| #define HAVE_PATHS_H 1
| #define HAVE_SYS_CDEFS_H 1
| #define HAVE_STDLIB_H 1
| #define HAVE_MALLOC 1
| #define TIME_WITH_SYS_TIME 1
| #define HAVE_SYS_TIME_H 1
| #define HAVE_UNISTD_H 1
| #define HAVE_ALARM 1
| #define HAVE_PTHREAD 1
| #define HAVE_MAPNIK 1
| #define HAVE_LIBMEMCACHED_MEMCACHED_H 0
| #define HAVE_LIBMEMCACHED_UTIL_H 0
| #define HAVE_LIBCURL 1
| #define LIBCURL_FEATURE_SSL 1
| #define LIBCURL_FEATURE_IPV6 1
| #define LIBCURL_FEATURE_LIBZ 1
| #define LIBCURL_FEATURE_ASYNCHDNS 1
| #define LIBCURL_FEATURE_IDN 1
| #define LIBCURL_FEATURE_NTLM 1
| #define LIBCURL_FEATURE_NTLM_WB 1
| #define LIBCURL_FEATURE_TLS_SRP 1
| #define LIBCURL_PROTOCOL_DICT 1
| #define LIBCURL_PROTOCOL_FILE 1
| #define LIBCURL_PROTOCOL_FTP 1
| #define LIBCURL_PROTOCOL_FTPS 1
| #define LIBCURL_PROTOCOL_GOPHER 1
| #define LIBCURL_PROTOCOL_HTTP 1
| #define LIBCURL_PROTOCOL_HTTPS 1
| #define LIBCURL_PROTOCOL_IMAP 1
| #define LIBCURL_PROTOCOL_IMAPS 1
| #define LIBCURL_PROTOCOL_LDAP 1
| #define LIBCURL_PROTOCOL_LDAPS 1
| #define LIBCURL_PROTOCOL_POP3 1
| #define LIBCURL_PROTOCOL_POP3S 1
| #define LIBCURL_PROTOCOL_RTMP 1
| #define LIBCURL_PROTOCOL_RTSP 1
| #define LIBCURL_PROTOCOL_SMTP 1
| #define LIBCURL_PROTOCOL_SMTPS 1
| #define LIBCURL_PROTOCOL_TELNET 1
| #define LIBCURL_PROTOCOL_TFTP 1
| /* end confdefs.h.  */
| 
| /* Override any GCC internal prototype to avoid an error.
|    Use char because int might match the return type of a GCC
|    builtin and then its argument prototype would still apply.  */
| #ifdef __cplusplus
| extern "C"
| #endif
| char rados_version ();
| int
| main ()
| {
| return rados_version ();
|   ;
|   return 0;
| }
configure:18132: result: no
configure:18148: checking for bzero
configure:18148: gcc -std=gnu99 -o conftest -g -O2   conftest.c -lm  >&5
conftest.c:99:6: warning: conflicting types for built-in function 'bzero' [enabled by default]
 char bzero ();
      ^
configure:18148: $? = 0
configure:18148: result: yes
configure:18148: checking for gethostbyname
configure:18148: gcc -std=gnu99 -o conftest -g -O2   conftest.c -lm  >&5
configure:18148: $? = 0
configure:18148: result: yes
configure:18148: checking for gettimeofday
configure:18148: gcc -std=gnu99 -o conftest -g -O2   conftest.c -lm  >&5
configure:18148: $? = 0
configure:18148: result: yes
configure:18148: checking for inet_ntoa
configure:18148: gcc -std=gnu99 -o conftest -g -O2   conftest.c -lm  >&5
configure:18148: $? = 0
configure:18148: result: yes
configure:18148: checking for memset
configure:18148: gcc -std=gnu99 -o conftest -g -O2   conftest.c -lm  >&5
conftest.c:103:6: warning: conflicting types for built-in function 'memset' [enabled by default]
 char memset ();
      ^
configure:18148: $? = 0
configure:18148: result: yes
configure:18148: checking for mkdir
configure:18148: gcc -std=gnu99 -o conftest -g -O2   conftest.c -lm  >&5
configure:18148: $? = 0
configure:18148: result: yes
configure:18148: checking for pow
configure:18148: gcc -std=gnu99 -o conftest -g -O2   conftest.c -lm  >&5
conftest.c:105:6: warning: conflicting types for built-in function 'pow' [enabled by default]
 char pow ();
      ^
configure:18148: $? = 0
configure:18148: result: yes
configure:18148: checking for select
configure:18148: gcc -std=gnu99 -o conftest -g -O2   conftest.c -lm  >&5
configure:18148: $? = 0
configure:18148: result: yes
configure:18148: checking for socket
configure:18148: gcc -std=gnu99 -o conftest -g -O2   conftest.c -lm  >&5
configure:18148: $? = 0
configure:18148: result: yes
configure:18148: checking for strchr
configure:18148: gcc -std=gnu99 -o conftest -g -O2   conftest.c -lm  >&5
conftest.c:108:6: warning: conflicting types for built-in function 'strchr' [enabled by default]
 char strchr ();
      ^
configure:18148: $? = 0
configure:18148: result: yes
configure:18148: checking for strdup
configure:18148: gcc -std=gnu99 -o conftest -g -O2   conftest.c -lm  >&5
conftest.c:109:6: warning: conflicting types for built-in function 'strdup' [enabled by default]
 char strdup ();
      ^
configure:18148: $? = 0
configure:18148: result: yes
configure:18148: checking for strerror
configure:18148: gcc -std=gnu99 -o conftest -g -O2   conftest.c -lm  >&5
configure:18148: $? = 0
configure:18148: result: yes
configure:18148: checking for strrchr
configure:18148: gcc -std=gnu99 -o conftest -g -O2   conftest.c -lm  >&5
conftest.c:111:6: warning: conflicting types for built-in function 'strrchr' [enabled by default]
 char strrchr ();
      ^
configure:18148: $? = 0
configure:18148: result: yes
configure:18148: checking for strstr
configure:18148: gcc -std=gnu99 -o conftest -g -O2   conftest.c -lm  >&5
conftest.c:112:6: warning: conflicting types for built-in function 'strstr' [enabled by default]
 char strstr ();
      ^
configure:18148: $? = 0
configure:18148: result: yes
configure:18148: checking for strtol
configure:18148: gcc -std=gnu99 -o conftest -g -O2   conftest.c -lm  >&5
configure:18148: $? = 0
configure:18148: result: yes
configure:18148: checking for strtoul
configure:18148: gcc -std=gnu99 -o conftest -g -O2   conftest.c -lm  >&5
configure:18148: $? = 0
configure:18148: result: yes
configure:18148: checking for utime
configure:18148: gcc -std=gnu99 -o conftest -g -O2   conftest.c -lm  >&5
configure:18148: $? = 0
configure:18148: result: yes
configure:18162: checking for daemon
configure:18162: gcc -std=gnu99 -o conftest -g -O2   conftest.c -lm  >&5
configure:18162: $? = 0
configure:18162: result: yes
configure:18162: checking for getloadavg
configure:18162: gcc -std=gnu99 -o conftest -g -O2   conftest.c -lm  >&5
configure:18162: $? = 0
configure:18162: result: yes
configure:18231: checking for apxs
configure:18247: found /usr/bin/apxs
configure:18258: result: apxs
configure:18277: checking for library containing iniparser_load
configure:18308: gcc -std=gnu99 -o conftest -g -O2   conftest.c -lm  >&5
/tmp/ccBHBUk7.o: In function `main':
/home/ddevienne/TOOLS/mod_tile/conftest.c:106: undefined reference to `iniparser_load'
collect2: error: ld returned 1 exit status
configure:18308: $? = 1
configure: failed program was:
| /* confdefs.h */
| #define PACKAGE_NAME "mod_tile"
| #define PACKAGE_TARNAME "mod_tile"
| #define PACKAGE_VERSION "0.1"
| #define PACKAGE_STRING "mod_tile 0.1"
| #define PACKAGE_BUGREPORT "http://trac.openstreetmap.org"
| #define PACKAGE_URL ""
| #define PACKAGE "mod_tile"
| #define VERSION "0.1"
| #define STDC_HEADERS 1
| #define HAVE_SYS_TYPES_H 1
| #define HAVE_SYS_STAT_H 1
| #define HAVE_STDLIB_H 1
| #define HAVE_STRING_H 1
| #define HAVE_MEMORY_H 1
| #define HAVE_STRINGS_H 1
| #define HAVE_INTTYPES_H 1
| #define HAVE_STDINT_H 1
| #define HAVE_UNISTD_H 1
| #define HAVE_DLFCN_H 1
| #define LT_OBJDIR ".libs/"
| #define HAVE_ARPA_INET_H 1
| #define HAVE_FCNTL_H 1
| #define HAVE_LIMITS_H 1
| #define HAVE_NETDB_H 1
| #define HAVE_NETINET_IN_H 1
| #define HAVE_STDINT_H 1
| #define HAVE_STDLIB_H 1
| #define HAVE_STRING_H 1
| #define HAVE_SYS_SOCKET_H 1
| #define HAVE_SYS_TIME_H 1
| #define HAVE_SYSLOG_H 1
| #define HAVE_UNISTD_H 1
| #define HAVE_UTIME_H 1
| #define HAVE_PATHS_H 1
| #define HAVE_SYS_CDEFS_H 1
| #define HAVE_STDLIB_H 1
| #define HAVE_MALLOC 1
| #define TIME_WITH_SYS_TIME 1
| #define HAVE_SYS_TIME_H 1
| #define HAVE_UNISTD_H 1
| #define HAVE_ALARM 1
| #define HAVE_PTHREAD 1
| #define HAVE_MAPNIK 1
| #define HAVE_LIBMEMCACHED_MEMCACHED_H 0
| #define HAVE_LIBMEMCACHED_UTIL_H 0
| #define HAVE_LIBCURL 1
| #define LIBCURL_FEATURE_SSL 1
| #define LIBCURL_FEATURE_IPV6 1
| #define LIBCURL_FEATURE_LIBZ 1
| #define LIBCURL_FEATURE_ASYNCHDNS 1
| #define LIBCURL_FEATURE_IDN 1
| #define LIBCURL_FEATURE_NTLM 1
| #define LIBCURL_FEATURE_NTLM_WB 1
| #define LIBCURL_FEATURE_TLS_SRP 1
| #define LIBCURL_PROTOCOL_DICT 1
| #define LIBCURL_PROTOCOL_FILE 1
| #define LIBCURL_PROTOCOL_FTP 1
| #define LIBCURL_PROTOCOL_FTPS 1
| #define LIBCURL_PROTOCOL_GOPHER 1
| #define LIBCURL_PROTOCOL_HTTP 1
| #define LIBCURL_PROTOCOL_HTTPS 1
| #define LIBCURL_PROTOCOL_IMAP 1
| #define LIBCURL_PROTOCOL_IMAPS 1
| #define LIBCURL_PROTOCOL_LDAP 1
| #define LIBCURL_PROTOCOL_LDAPS 1
| #define LIBCURL_PROTOCOL_POP3 1
| #define LIBCURL_PROTOCOL_POP3S 1
| #define LIBCURL_PROTOCOL_RTMP 1
| #define LIBCURL_PROTOCOL_RTSP 1
| #define LIBCURL_PROTOCOL_SMTP 1
| #define LIBCURL_PROTOCOL_SMTPS 1
| #define LIBCURL_PROTOCOL_TELNET 1
| #define LIBCURL_PROTOCOL_TFTP 1
| #define HAVE_BZERO 1
| #define HAVE_GETHOSTBYNAME 1
| #define HAVE_GETTIMEOFDAY 1
| #define HAVE_INET_NTOA 1
| #define HAVE_MEMSET 1
| #define HAVE_MKDIR 1
| #define HAVE_POW 1
| #define HAVE_SELECT 1
| #define HAVE_SOCKET 1
| #define HAVE_STRCHR 1
| #define HAVE_STRDUP 1
| #define HAVE_STRERROR 1
| #define HAVE_STRRCHR 1
| #define HAVE_STRSTR 1
| #define HAVE_STRTOL 1
| #define HAVE_STRTOUL 1
| #define HAVE_UTIME 1
| #define HAVE_DAEMON 1
| #define HAVE_GETLOADAVG 1
| /* end confdefs.h.  */
| 
| /* Override any GCC internal prototype to avoid an error.
|    Use char because int might match the return type of a GCC
|    builtin and then its argument prototype would still apply.  */
| #ifdef __cplusplus
| extern "C"
| #endif
| char iniparser_load ();
| int
| main ()
| {
| return iniparser_load ();
|   ;
|   return 0;
| }
configure:18308: gcc -std=gnu99 -o conftest -g -O2   conftest.c -liniparser  -lm  >&5
/usr/bin/ld: cannot find -liniparser
collect2: error: ld returned 1 exit status
configure:18308: $? = 1
configure: failed program was:
| /* confdefs.h */
| #define PACKAGE_NAME "mod_tile"
| #define PACKAGE_TARNAME "mod_tile"
| #define PACKAGE_VERSION "0.1"
| #define PACKAGE_STRING "mod_tile 0.1"
| #define PACKAGE_BUGREPORT "http://trac.openstreetmap.org"
| #define PACKAGE_URL ""
| #define PACKAGE "mod_tile"
| #define VERSION "0.1"
| #define STDC_HEADERS 1
| #define HAVE_SYS_TYPES_H 1
| #define HAVE_SYS_STAT_H 1
| #define HAVE_STDLIB_H 1
| #define HAVE_STRING_H 1
| #define HAVE_MEMORY_H 1
| #define HAVE_STRINGS_H 1
| #define HAVE_INTTYPES_H 1
| #define HAVE_STDINT_H 1
| #define HAVE_UNISTD_H 1
| #define HAVE_DLFCN_H 1
| #define LT_OBJDIR ".libs/"
| #define HAVE_ARPA_INET_H 1
| #define HAVE_FCNTL_H 1
| #define HAVE_LIMITS_H 1
| #define HAVE_NETDB_H 1
| #define HAVE_NETINET_IN_H 1
| #define HAVE_STDINT_H 1
| #define HAVE_STDLIB_H 1
| #define HAVE_STRING_H 1
| #define HAVE_SYS_SOCKET_H 1
| #define HAVE_SYS_TIME_H 1
| #define HAVE_SYSLOG_H 1
| #define HAVE_UNISTD_H 1
| #define HAVE_UTIME_H 1
| #define HAVE_PATHS_H 1
| #define HAVE_SYS_CDEFS_H 1
| #define HAVE_STDLIB_H 1
| #define HAVE_MALLOC 1
| #define TIME_WITH_SYS_TIME 1
| #define HAVE_SYS_TIME_H 1
| #define HAVE_UNISTD_H 1
| #define HAVE_ALARM 1
| #define HAVE_PTHREAD 1
| #define HAVE_MAPNIK 1
| #define HAVE_LIBMEMCACHED_MEMCACHED_H 0
| #define HAVE_LIBMEMCACHED_UTIL_H 0
| #define HAVE_LIBCURL 1
| #define LIBCURL_FEATURE_SSL 1
| #define LIBCURL_FEATURE_IPV6 1
| #define LIBCURL_FEATURE_LIBZ 1
| #define LIBCURL_FEATURE_ASYNCHDNS 1
| #define LIBCURL_FEATURE_IDN 1
| #define LIBCURL_FEATURE_NTLM 1
| #define LIBCURL_FEATURE_NTLM_WB 1
| #define LIBCURL_FEATURE_TLS_SRP 1
| #define LIBCURL_PROTOCOL_DICT 1
| #define LIBCURL_PROTOCOL_FILE 1
| #define LIBCURL_PROTOCOL_FTP 1
| #define LIBCURL_PROTOCOL_FTPS 1
| #define LIBCURL_PROTOCOL_GOPHER 1
| #define LIBCURL_PROTOCOL_HTTP 1
| #define LIBCURL_PROTOCOL_HTTPS 1
| #define LIBCURL_PROTOCOL_IMAP 1
| #define LIBCURL_PROTOCOL_IMAPS 1
| #define LIBCURL_PROTOCOL_LDAP 1
| #define LIBCURL_PROTOCOL_LDAPS 1
| #define LIBCURL_PROTOCOL_POP3 1
| #define LIBCURL_PROTOCOL_POP3S 1
| #define LIBCURL_PROTOCOL_RTMP 1
| #define LIBCURL_PROTOCOL_RTSP 1
| #define LIBCURL_PROTOCOL_SMTP 1
| #define LIBCURL_PROTOCOL_SMTPS 1
| #define LIBCURL_PROTOCOL_TELNET 1
| #define LIBCURL_PROTOCOL_TFTP 1
| #define HAVE_BZERO 1
| #define HAVE_GETHOSTBYNAME 1
| #define HAVE_GETTIMEOFDAY 1
| #define HAVE_INET_NTOA 1
| #define HAVE_MEMSET 1
| #define HAVE_MKDIR 1
| #define HAVE_POW 1
| #define HAVE_SELECT 1
| #define HAVE_SOCKET 1
| #define HAVE_STRCHR 1
| #define HAVE_STRDUP 1
| #define HAVE_STRERROR 1
| #define HAVE_STRRCHR 1
| #define HAVE_STRSTR 1
| #define HAVE_STRTOL 1
| #define HAVE_STRTOUL 1
| #define HAVE_UTIME 1
| #define HAVE_DAEMON 1
| #define HAVE_GETLOADAVG 1
| /* end confdefs.h.  */
| 
| /* Override any GCC internal prototype to avoid an error.
|    Use char because int might match the return type of a GCC
|    builtin and then its argument prototype would still apply.  */
| #ifdef __cplusplus
| extern "C"
| #endif
| char iniparser_load ();
| int
| main ()
| {
| return iniparser_load ();
|   ;
|   return 0;
| }
configure:18325: result: no
configure:18364: Building iniparser
configure:18478: checking that generated files are newer than configure
configure:18484: result: done
configure:18523: creating ./config.status

## ---------------- ##
## Cache variables. ##
## ---------------- ##

ac_cv_build=x86_64-unknown-linux-gnu
ac_cv_c_compiler_gnu=yes
ac_cv_c_inline=inline
ac_cv_c_uint16_t=yes
ac_cv_c_uint32_t=yes
ac_cv_c_uint64_t=yes
ac_cv_cxx_compiler_gnu=yes
ac_cv_env_CCC_set=
ac_cv_env_CCC_value=
ac_cv_env_CC_set=
ac_cv_env_CC_value=
ac_cv_env_CFLAGS_set=
ac_cv_env_CFLAGS_value=
ac_cv_env_CPPFLAGS_set=
ac_cv_env_CPPFLAGS_value=
ac_cv_env_CPP_set=
ac_cv_env_CPP_value=
ac_cv_env_CXXCPP_set=
ac_cv_env_CXXCPP_value=
ac_cv_env_CXXFLAGS_set=
ac_cv_env_CXXFLAGS_value=
ac_cv_env_CXX_set=
ac_cv_env_CXX_value=
ac_cv_env_LDFLAGS_set=
ac_cv_env_LDFLAGS_value=
ac_cv_env_LIBS_set=
ac_cv_env_LIBS_value=
ac_cv_env_build_alias_set=
ac_cv_env_build_alias_value=
ac_cv_env_host_alias_set=
ac_cv_env_host_alias_value=
ac_cv_env_target_alias_set=
ac_cv_env_target_alias_value=
ac_cv_func_alarm=yes
ac_cv_func_bzero=yes
ac_cv_func_curl_free=yes
ac_cv_func_daemon=yes
ac_cv_func_gethostbyname=yes
ac_cv_func_getloadavg=yes
ac_cv_func_gettimeofday=yes
ac_cv_func_inet_ntoa=yes
ac_cv_func_malloc_0_nonnull=yes
ac_cv_func_memset=yes
ac_cv_func_mkdir=yes
ac_cv_func_pow=yes
ac_cv_func_select=yes
ac_cv_func_socket=yes
ac_cv_func_strchr=yes
ac_cv_func_strdup=yes
ac_cv_func_strerror=yes
ac_cv_func_strrchr=yes
ac_cv_func_strstr=yes
ac_cv_func_strtol=yes
ac_cv_func_strtoul=yes
ac_cv_func_utime=yes
ac_cv_func_working_mktime=yes
ac_cv_header_arpa_inet_h=yes
ac_cv_header_dlfcn_h=yes
ac_cv_header_fcntl_h=yes
ac_cv_header_inttypes_h=yes
ac_cv_header_libmemcached_1_0_memcached_h=no
ac_cv_header_limits_h=yes
ac_cv_header_memory_h=yes
ac_cv_header_netdb_h=yes
ac_cv_header_netinet_in_h=yes
ac_cv_header_paths_h=yes
ac_cv_header_stdc=yes
ac_cv_header_stdint_h=yes
ac_cv_header_stdlib_h=yes
ac_cv_header_string_h=yes
ac_cv_header_strings_h=yes
ac_cv_header_sys_cdefs_h=yes
ac_cv_header_sys_loadavg_h=no
ac_cv_header_sys_socket_h=yes
ac_cv_header_sys_stat_h=yes
ac_cv_header_sys_time_h=yes
ac_cv_header_sys_types_h=yes
ac_cv_header_syslog_h=yes
ac_cv_header_time=yes
ac_cv_header_unistd_h=yes
ac_cv_header_utime_h=yes
ac_cv_host=x86_64-unknown-linux-gnu
ac_cv_lib_rados_rados_version=no
ac_cv_objext=o
ac_cv_path_EGREP='/bin/grep -E'
ac_cv_path_FGREP='/bin/grep -F'
ac_cv_path_GREP=/bin/grep
ac_cv_path_MAPNIK_CONFIG=/usr/local/bin/mapnik-config
ac_cv_path_SED=/bin/sed
ac_cv_path__libcurl_config=/usr/bin/curl-config
ac_cv_path_install='/usr/bin/install -c'
ac_cv_path_mkdir=/bin/mkdir
ac_cv_prog_APXS=apxs
ac_cv_prog_AWK=gawk
ac_cv_prog_CPP='gcc -E'
ac_cv_prog_CXXCPP='g++ -E'
ac_cv_prog_HAVE_CXX=yes
ac_cv_prog_ac_ct_AR=ar
ac_cv_prog_ac_ct_CC=gcc
ac_cv_prog_ac_ct_CXX=g++
ac_cv_prog_ac_ct_MANIFEST_TOOL=mt
ac_cv_prog_ac_ct_OBJDUMP=objdump
ac_cv_prog_ac_ct_RANLIB=ranlib
ac_cv_prog_ac_ct_STRIP=strip
ac_cv_prog_cc_c89=
ac_cv_prog_cc_c99=-std=gnu99
ac_cv_prog_cc_g=yes
ac_cv_prog_cxx_g=yes
ac_cv_prog_make_make_set=yes
ac_cv_search_clock_gettime='none required'
ac_cv_search_gethostbyname='none required'
ac_cv_search_inet_ntoa='none required'
ac_cv_search_iniparser_load=no
ac_cv_search_pow=-lm
ac_cv_search_socket='none required'
ac_cv_type_mode_t=yes
ac_cv_type_size_t=yes
am_cv_CC_dependencies_compiler_type=gcc3
am_cv_CXX_dependencies_compiler_type=gcc3
am_cv_make_support_nested_variables=yes
am_cv_prog_cc_c_o=yes
libcurl_cv_lib_curl_usable=yes
libcurl_cv_lib_curl_version=7.35.0
lt_cv_ar_at_file=@
lt_cv_archive_cmds_need_lc=no
lt_cv_deplibs_check_method=pass_all
lt_cv_file_magic_cmd='$MAGIC_CMD'
lt_cv_file_magic_test_file=
lt_cv_ld_reload_flag=-r
lt_cv_nm_interface='BSD nm'
lt_cv_objdir=.libs
lt_cv_path_LD=/usr/bin/ld
lt_cv_path_LDCXX='/usr/bin/ld -m elf_x86_64'
lt_cv_path_NM='/usr/bin/nm -B'
lt_cv_path_mainfest_tool=no
lt_cv_prog_compiler_c_o=yes
lt_cv_prog_compiler_c_o_CXX=yes
lt_cv_prog_compiler_pic='-fPIC -DPIC'
lt_cv_prog_compiler_pic_CXX='-fPIC -DPIC'
lt_cv_prog_compiler_pic_works=yes
lt_cv_prog_compiler_pic_works_CXX=yes
lt_cv_prog_compiler_rtti_exceptions=no
lt_cv_prog_compiler_static_works=yes
lt_cv_prog_compiler_static_works_CXX=yes
lt_cv_prog_gnu_ld=yes
lt_cv_prog_gnu_ldcxx=yes
lt_cv_sharedlib_from_linklib_cmd='printf %s\n'
lt_cv_shlibpath_overrides_runpath=no
lt_cv_sys_global_symbol_pipe='sed -n -e '\''s/^.*[	 ]\([ABCDGIRSTW][ABCDGIRSTW]*\)[	 ][	 ]*\([_A-Za-z][_A-Za-z0-9]*\)$/\1 \2 \2/p'\'' | sed '\''/ __gnu_lto/d'\'''
lt_cv_sys_global_symbol_to_c_name_address='sed -n -e '\''s/^: \([^ ]*\)[ ]*$/  {\"\1\", (void *) 0},/p'\'' -e '\''s/^[ABCDGIRSTW]* \([^ ]*\) \([^ ]*\)$/  {"\2", (void *) \&\2},/p'\'''
lt_cv_sys_global_symbol_to_c_name_address_lib_prefix='sed -n -e '\''s/^: \([^ ]*\)[ ]*$/  {\"\1\", (void *) 0},/p'\'' -e '\''s/^[ABCDGIRSTW]* \([^ ]*\) \(lib[^ ]*\)$/  {"\2", (void *) \&\2},/p'\'' -e '\''s/^[ABCDGIRSTW]* \([^ ]*\) \([^ ]*\)$/  {"lib\2", (void *) \&\2},/p'\'''
lt_cv_sys_global_symbol_to_cdecl='sed -n -e '\''s/^T .* \(.*\)$/extern int \1();/p'\'' -e '\''s/^[ABCDGIRSTW]* .* \(.*\)$/extern char \1;/p'\'''
lt_cv_sys_max_cmd_len=3458764513820540925
lt_cv_to_host_file_cmd=func_convert_file_noop
lt_cv_to_tool_file_cmd=func_convert_file_noop

## ----------------- ##
## Output variables. ##
## ----------------- ##

ACLOCAL='${SHELL} /home/ddevienne/TOOLS/mod_tile/missing aclocal-1.14'
AMDEPBACKSLASH='\'
AMDEP_FALSE='#'
AMDEP_TRUE=''
AMTAR='$${TAR-tar}'
AM_BACKSLASH='\'
AM_DEFAULT_V='$(AM_DEFAULT_VERBOSITY)'
AM_DEFAULT_VERBOSITY='1'
AM_V='$(V)'
APXS='apxs'
AR='ar'
AUTOCONF='${SHELL} /home/ddevienne/TOOLS/mod_tile/missing autoconf'
AUTOHEADER='${SHELL} /home/ddevienne/TOOLS/mod_tile/missing autoheader'
AUTOMAKE='${SHELL} /home/ddevienne/TOOLS/mod_tile/missing automake-1.14'
AWK='gawk'
CC='gcc -std=gnu99'
CCDEPMODE='depmode=gcc3'
CFLAGS='-g -O2'
CPP='gcc -E'
CPPFLAGS=''
CXX='g++'
CXXCPP='g++ -E'
CXXDEPMODE='depmode=gcc3'
CXXFLAGS='-g -O2'
CYGPATH_W='echo'
DEFS='-DHAVE_CONFIG_H'
DEPDIR='.deps'
DLLTOOL='false'
DSYMUTIL=''
DUMPBIN=''
ECHO_C=''
ECHO_N='-n'
ECHO_T=''
EGREP='/bin/grep -E'
EXEEXT=''
FGREP='/bin/grep -F'
GREP='/bin/grep'
HAVE_CXX='yes'
HAVE_LIBMEMCACHED_FALSE=''
HAVE_LIBMEMCACHED_TRUE='#'
INSTALL_DATA='${INSTALL} -m 644'
INSTALL_PROGRAM='${INSTALL}'
INSTALL_SCRIPT='${INSTALL}'
INSTALL_STRIP_PROGRAM='$(install_sh) -c -s'
LD='/usr/bin/ld -m elf_x86_64'
LDFLAGS=''
LIBCURL='-L/usr/lib/x86_64-linux-gnu -lcurl'
LIBCURL_CPPFLAGS=''
LIBMEMCACHED_CFLAGS=''
LIBMEMCACHED_LDFLAGS=''
LIBMEMCACHED_UTIL_LDFLAGS=''
LIBOBJS=''
LIBRADOS_LDFLAGS=''
LIBS='-lm '
LIBTOOL='$(SHELL) $(top_builddir)/libtool'
LIPO=''
LN_S='ln -s'
LTLIBOBJS=''
MAKEINFO='${SHELL} /home/ddevienne/TOOLS/mod_tile/missing makeinfo'
MANIFEST_TOOL=':'
MAPNIK_CFLAGS='-I/usr/local/include -I/usr/local/include/mapnik/agg -I/usr/include -I/usr/include/freetype2 -I/usr/include/libxml2 -I/usr/include/gdal -I/usr/include/postgresql -I/usr/include/cairo -I/usr/include/glib-2.0 -I/usr/lib/x86_64-linux-gnu/glib-2.0/include -I/usr/include/pixman-1 -I/usr/include/libpng12 -DMAPNIK_MEMORY_MAPPED_FILE -DMAPNIK_HAS_DLCFN -DBIGINT -DBOOST_REGEX_HAS_ICU -DHAVE_JPEG -DMAPNIK_USE_PROJ4 -DHAVE_PNG -DHAVE_WEBP -DHAVE_TIFF -DLINUX -DMAPNIK_THREADSAFE -DBOOST_SPIRIT_NO_PREDEFINED_TERMINALS=1 -DBOOST_PHOENIX_NO_PREDEFINED_TERMINALS=1 -DBOOST_SPIRIT_USE_PHOENIX_V3=1 -DNDEBUG -DHAVE_CAIRO -DGRID_RENDERER -DHAVE_LIBXML2 -std=c++11 -DBOOST_NO_CXX11_SCOPED_ENUMS -Wall -pthread -ftemplate-depth-300 -Wsign-compare -Wshadow -O3'
MAPNIK_CONFIG='/usr/local/bin/mapnik-config'
MAPNIK_LDFLAGS='-L/usr/local/lib -lmapnik -L/usr/lib -L/usr/lib/x86_64-linux-gnu -pthread -lboost_filesystem -lboost_regex -lcairo -lpng -lproj -ltiff -lwebp -lxml2 -licui18n -lboost_system -lharfbuzz -ljpeg -licuuc -lfreetype -lz -ldl'
MAPNIK_VERSION='3.0.9'
MKDIR_P='/bin/mkdir -p'
NM='/usr/bin/nm -B'
NMEDIT=''
OBJDUMP='objdump'
OBJEXT='o'
OTOOL64=''
OTOOL=''
PACKAGE='mod_tile'
PACKAGE_BUGREPORT='http://trac.openstreetmap.org'
PACKAGE_NAME='mod_tile'
PACKAGE_STRING='mod_tile 0.1'
PACKAGE_TARNAME='mod_tile'
PACKAGE_URL=''
PACKAGE_VERSION='0.1'
PATH_SEPARATOR=':'
PTHREAD_CC='gcc -std=gnu99'
PTHREAD_CFLAGS='-pthread'
PTHREAD_LIBS=''
RANLIB='ranlib'
SED='/bin/sed'
SET_MAKE=''
SHELL='/bin/bash'
STRIP='strip'
SYSTEM_LIBINIPARSER='0'
SYSTEM_LIBINIPARSER_FALSE=''
SYSTEM_LIBINIPARSER_TRUE='#'
VERSION='0.1'
_libcurl_config=''
ac_ct_AR='ar'
ac_ct_CC='gcc'
ac_ct_CXX='g++'
ac_ct_DUMPBIN=''
am__EXEEXT_FALSE=''
am__EXEEXT_TRUE='#'
am__fastdepCC_FALSE='#'
am__fastdepCC_TRUE=''
am__fastdepCXX_FALSE='#'
am__fastdepCXX_TRUE=''
am__include='include'
am__isrc=''
am__leading_dot='.'
am__nodep='_no'
am__quote=''
am__tar='$${TAR-tar} chof - "$$tardir"'
am__untar='$${TAR-tar} xf -'
ax_pthread_config=''
bindir='${exec_prefix}/bin'
build='x86_64-unknown-linux-gnu'
build_alias=''
build_cpu='x86_64'
build_os='linux-gnu'
build_vendor='unknown'
datadir='${datarootdir}'
datarootdir='${prefix}/share'
docdir='${datarootdir}/doc/${PACKAGE_TARNAME}'
dvidir='${docdir}'
exec_prefix='${prefix}'
host='x86_64-unknown-linux-gnu'
host_alias=''
host_cpu='x86_64'
host_os='linux-gnu'
host_vendor='unknown'
htmldir='${docdir}'
includedir='${prefix}/include'
infodir='${datarootdir}/info'
install_sh='${SHELL} /home/ddevienne/TOOLS/mod_tile/install-sh'
libdir='${exec_prefix}/lib'
libexecdir='${exec_prefix}/libexec'
localedir='${datarootdir}/locale'
localstatedir='${prefix}/var'
mandir='${datarootdir}/man'
mkdir_p='$(MKDIR_P)'
oldincludedir='/usr/include'
pdfdir='${docdir}'
prefix='/usr/local'
program_transform_name='s,x,x,'
psdir='${docdir}'
sbindir='${exec_prefix}/sbin'
sharedstatedir='${prefix}/com'
sysconfdir='${prefix}/etc'
target_alias=''

## ----------- ##
## confdefs.h. ##
## ----------- ##

/* confdefs.h */
#define PACKAGE_NAME "mod_tile"
#define PACKAGE_TARNAME "mod_tile"
#define PACKAGE_VERSION "0.1"
#define PACKAGE_STRING "mod_tile 0.1"
#define PACKAGE_BUGREPORT "http://trac.openstreetmap.org"
#define PACKAGE_URL ""
#define PACKAGE "mod_tile"
#define VERSION "0.1"
#define STDC_HEADERS 1
#define HAVE_SYS_TYPES_H 1
#define HAVE_SYS_STAT_H 1
#define HAVE_STDLIB_H 1
#define HAVE_STRING_H 1
#define HAVE_MEMORY_H 1
#define HAVE_STRINGS_H 1
#define HAVE_INTTYPES_H 1
#define HAVE_STDINT_H 1
#define HAVE_UNISTD_H 1
#define HAVE_DLFCN_H 1
#define LT_OBJDIR ".libs/"
#define HAVE_ARPA_INET_H 1
#define HAVE_FCNTL_H 1
#define HAVE_LIMITS_H 1
#define HAVE_NETDB_H 1
#define HAVE_NETINET_IN_H 1
#define HAVE_STDINT_H 1
#define HAVE_STDLIB_H 1
#define HAVE_STRING_H 1
#define HAVE_SYS_SOCKET_H 1
#define HAVE_SYS_TIME_H 1
#define HAVE_SYSLOG_H 1
#define HAVE_UNISTD_H 1
#define HAVE_UTIME_H 1
#define HAVE_PATHS_H 1
#define HAVE_SYS_CDEFS_H 1
#define HAVE_STDLIB_H 1
#define HAVE_MALLOC 1
#define TIME_WITH_SYS_TIME 1
#define HAVE_SYS_TIME_H 1
#define HAVE_UNISTD_H 1
#define HAVE_ALARM 1
#define HAVE_PTHREAD 1
#define HAVE_MAPNIK 1
#define HAVE_LIBMEMCACHED_MEMCACHED_H 0
#define HAVE_LIBMEMCACHED_UTIL_H 0
#define HAVE_LIBCURL 1
#define LIBCURL_FEATURE_SSL 1
#define LIBCURL_FEATURE_IPV6 1
#define LIBCURL_FEATURE_LIBZ 1
#define LIBCURL_FEATURE_ASYNCHDNS 1
#define LIBCURL_FEATURE_IDN 1
#define LIBCURL_FEATURE_NTLM 1
#define LIBCURL_FEATURE_NTLM_WB 1
#define LIBCURL_FEATURE_TLS_SRP 1
#define LIBCURL_PROTOCOL_DICT 1
#define LIBCURL_PROTOCOL_FILE 1
#define LIBCURL_PROTOCOL_FTP 1
#define LIBCURL_PROTOCOL_FTPS 1
#define LIBCURL_PROTOCOL_GOPHER 1
#define LIBCURL_PROTOCOL_HTTP 1
#define LIBCURL_PROTOCOL_HTTPS 1
#define LIBCURL_PROTOCOL_IMAP 1
#define LIBCURL_PROTOCOL_IMAPS 1
#define LIBCURL_PROTOCOL_LDAP 1
#define LIBCURL_PROTOCOL_LDAPS 1
#define LIBCURL_PROTOCOL_POP3 1
#define LIBCURL_PROTOCOL_POP3S 1
#define LIBCURL_PROTOCOL_RTMP 1
#define LIBCURL_PROTOCOL_RTSP 1
#define LIBCURL_PROTOCOL_SMTP 1
#define LIBCURL_PROTOCOL_SMTPS 1
#define LIBCURL_PROTOCOL_TELNET 1
#define LIBCURL_PROTOCOL_TFTP 1
#define HAVE_BZERO 1
#define HAVE_GETHOSTBYNAME 1
#define HAVE_GETTIMEOFDAY 1
#define HAVE_INET_NTOA 1
#define HAVE_MEMSET 1
#define HAVE_MKDIR 1
#define HAVE_POW 1
#define HAVE_SELECT 1
#define HAVE_SOCKET 1
#define HAVE_STRCHR 1
#define HAVE_STRDUP 1
#define HAVE_STRERROR 1
#define HAVE_STRRCHR 1
#define HAVE_STRSTR 1
#define HAVE_STRTOL 1
#define HAVE_STRTOUL 1
#define HAVE_UTIME 1
#define HAVE_DAEMON 1
#define HAVE_GETLOADAVG 1

configure: exit 0

## ---------------------- ##
## Running config.status. ##
## ---------------------- ##

This file was extended by mod_tile config.status 0.1, which was
generated by GNU Autoconf 2.69.  Invocation command line was

  CONFIG_FILES    = 
  CONFIG_HEADERS  = 
  CONFIG_LINKS    = 
  CONFIG_COMMANDS = 
  $ ./config.status 

on ddevienne

config.status:1244: creating iniparser3.0b/Makefile
config.status:1244: creating Makefile
config.status:1244: creating includes/config.h
config.status:1425: includes/config.h is unchanged
config.status:1473: executing depfiles commands
config.status:1473: executing libtool commands
